8=FIX4.4; 35=A; 34=1; 49=MTHREE; 56=MS; 52=2022-03-25-12:41:36; 108=30; 10=0015;
8=FIX4.4; 35=A; 34=1; 49=MS; 56=MTHREE; 52=2022-03-25-12:41:36; 108=30; 10=0016;
8=FIX4.4; 35=0; 34=2; 49=MTHREE; 56=MS; 52=2022-03-25-12:41:36; 108=30; 10=0015;
8=FIX4.4; 35=0; 34=2; 49=MS; 56=MTHREE; 52=2022-03-25-12:41:36; 108=30; 10=0015;
8=FIX4.4; 35=0; 34=3; 49=MTHREE; 56=MS; 52=2022-03-25-12:41:38; 108=30; 10=0015;
8=FIX4.4; 35=0; 34=3; 49=MS; 56=MTHREE; 52=2022-03-25-12:41:38; 108=30; 10=0015;
8=FIX4.4; 35=0; 34=4; 49=MTHREE; 56=MS; 52=2022-03-25-12:41:40; 108=30; 10=0015;
8=FIX4.4; 35=0; 34=4; 49=MS; 56=MTHREE; 52=2022-03-25-12:41:40; 108=30; 10=0015;
8=FIX4.4; 35=0; 34=5; 49=MTHREE; 56=MS; 52=2022-03-25-12:41:42; 108=30; 10=0015;
8=FIX4.4; 35=0; 34=5; 49=MS; 56=MTHREE; 52=2022-03-25-12:41:42; 108=30; 10=0015;
8=FIX4.4; 35=0; 34=6; 49=MTHREE; 56=MS; 52=2022-03-25-12:41:44; 108=30; 10=0015;
8=FIX4.4; 35=0; 34=6; 49=MS; 56=MTHREE; 52=2022-03-25-12:41:44; 108=30; 10=0015;
8=FIX4.4; 35=0; 34=7; 49=MTHREE; 56=MS; 52=2022-03-25-12:41:46; 108=30; 10=0015;
8=FIX4.4; 35=0; 34=7; 49=MS; 56=MTHREE; 52=2022-03-25-12:41:46; 108=30; 10=0015;
8=FIX4.4; 35=0; 34=8; 49=MTHREE; 56=MS; 52=2022-03-25-12:41:48; 108=30; 10=0015;
8=FIX4.4; 35=0; 34=8; 49=MS; 56=MTHREE; 52=2022-03-25-12:41:48; 108=30; 10=0015;
8=FIX4.4; 35=0; 34=9; 49=MTHREE; 56=MS; 52=2022-03-25-12:41:50; 108=30; 10=0015;
8=FIX4.4; 35=0; 34=9; 49=MS; 56=MTHREE; 52=2022-03-25-12:41:50; 108=30; 10=0015;
8=FIX4.4; 35=0; 34=10; 49=MTHREE; 56=MS; 52=2022-03-25-12:41:52; 108=30; 10=0015;
8=FIX4.4; 35=0; 34=10; 49=MS; 56=MTHREE; 52=2022-03-25-12:41:52; 108=30; 10=0015;
8=FIX4.4; 35=0; 34=11; 49=MTHREE; 56=MS; 52=2022-03-25-12:41:54; 108=30; 10=0015;
8=FIX4.4; 35=0; 34=11; 49=MS; 56=MTHREE; 52=2022-03-25-12:41:54; 108=30; 10=0015;
8=FIX4.4; 35=0; 34=12; 49=MTHREE; 56=MS; 52=2022-03-25-12:41:56; 108=30; 10=0015;
8=FIX4.4; 35=0; 34=12; 49=MS; 56=MTHREE; 52=2022-03-25-12:41:56; 108=30; 10=0015;
8=FIX4.4; 35=0; 34=13; 49=MTHREE; 56=MS; 52=2022-03-25-12:41:58; 108=30; 10=0015;
8=FIX4.4; 35=0; 34=13; 49=MS; 56=MTHREE; 52=2022-03-25-12:41:58; 108=30; 10=0015;
8=FIX4.4; 35=0; 34=14; 49=MTHREE; 56=MS; 52=2022-03-25-12:42:00; 108=30; 10=0015;
8=FIX4.4; 35=0; 34=14; 49=MS; 56=MTHREE; 52=2022-03-25-12:42:00; 108=30; 10=0015;
8=FIX4.4; 35=0; 34=15; 49=MTHREE; 56=MS; 52=2022-03-25-12:42:02; 108=30; 10=0015;
8=FIX4.4; 35=0; 34=15; 49=MS; 56=MTHREE; 52=2022-03-25-12:42:02; 108=30; 10=0015;
8=FIX4.4; 35=0; 34=16; 49=MTHREE; 56=MS; 52=2022-03-25-12:42:04; 108=30; 10=0015;
8=FIX4.4; 35=0; 34=16; 49=MS; 56=MTHREE; 52=2022-03-25-12:42:04; 108=30; 10=0015;
8=FIX4.4; 35=0; 34=17; 49=MTHREE; 56=MS; 52=2022-03-25-12:42:06; 108=30; 10=0015;
8=FIX4.4; 35=0; 34=17; 49=MS; 56=MTHREE; 52=2022-03-25-12:42:06; 108=30; 10=0015;
8=FIX4.4; 35=0; 34=18; 49=MTHREE; 56=MS; 52=2022-03-25-12:42:08; 108=30; 10=0015;
8=FIX4.4; 35=0; 34=18; 49=MS; 56=MTHREE; 52=2022-03-25-12:42:08; 108=30; 10=0015;
8=FIX4.4; 35=0; 34=19; 49=MTHREE; 56=MS; 52=2022-03-25-12:42:10; 108=30; 10=0015;
8=FIX4.4; 35=0; 34=19; 49=MS; 56=MTHREE; 52=2022-03-25-12:42:10; 108=30; 10=0015;
8=FIX4.4; 35=0; 34=20; 49=MTHREE; 56=MS; 52=2022-03-25-12:42:12; 108=30; 10=0015;
8=FIX4.4; 35=0; 34=20; 49=MS; 56=MTHREE; 52=2022-03-25-12:42:12; 108=30; 10=0015;
8=FIX4.4; 35=0; 34=21; 49=MTHREE; 56=MS; 52=2022-03-25-12:42:14; 108=30; 10=0015;
8=FIX4.4; 35=0; 34=21; 49=MS; 56=MTHREE; 52=2022-03-25-12:42:14; 108=30; 10=0015;
8=FIX4.4; 35=0; 34=22; 49=MTHREE; 56=MS; 52=2022-03-25-12:42:16; 108=30; 10=0015;
8=FIX4.4; 35=0; 34=22; 49=MS; 56=MTHREE; 52=2022-03-25-12:42:16; 108=30; 10=0015;
8=FIX4.4; 35=0; 34=23; 49=MTHREE; 56=MS; 52=2022-03-25-12:42:18; 108=30; 10=0015;
8=FIX4.4; 35=0; 34=23; 49=MS; 56=MTHREE; 52=2022-03-25-12:42:18; 108=30; 10=0015;
8=FIX4.4; 35=0; 34=24; 49=MTHREE; 56=MS; 52=2022-03-25-12:42:20; 108=30; 10=0015;
8=FIX4.4; 35=0; 34=24; 49=MS; 56=MTHREE; 52=2022-03-25-12:42:20; 108=30; 10=0015;
8=FIX4.4; 35=0; 34=25; 49=MTHREE; 56=MS; 52=2022-03-25-12:42:22; 108=30; 10=0015;
8=FIX4.4; 35=0; 34=25; 49=MS; 56=MTHREE; 52=2022-03-25-12:42:22; 108=30; 10=0015;
8=FIX4.4; 35=0; 34=26; 49=MTHREE; 56=MS; 52=2022-03-25-12:42:24; 108=30; 10=0015;
8=FIX4.4; 35=0; 34=26; 49=MS; 56=MTHREE; 52=2022-03-25-12:42:24; 108=30; 10=0015;
8=FIX4.4; 35=0; 34=27; 49=MTHREE; 56=MS; 52=2022-03-25-12:42:26; 108=30; 10=0015;
8=FIX4.4; 35=0; 34=27; 49=MS; 56=MTHREE; 52=2022-03-25-12:42:26; 108=30; 10=0015;
8=FIX4.4; 35=0; 34=28; 49=MTHREE; 56=MS; 52=2022-03-25-12:42:28; 108=30; 10=0015;
8=FIX4.4; 35=0; 34=28; 49=MS; 56=MTHREE; 52=2022-03-25-12:42:28; 108=30; 10=0015;
8=FIX4.4; 35=0; 34=29; 49=MTHREE; 56=MS; 52=2022-03-25-12:42:30; 108=30; 10=0015;
8=FIX4.4; 35=0; 34=29; 49=MS; 56=MTHREE; 52=2022-03-25-12:42:30; 108=30; 10=0015;
8=FIX4.4; 35=0; 34=30; 49=MTHREE; 56=MS; 52=2022-03-25-12:42:32; 108=30; 10=0015;
8=FIX4.4; 35=0; 34=30; 49=MS; 56=MTHREE; 52=2022-03-25-12:42:32; 108=30; 10=0015;
8=FIX4.4; 35=0; 34=31; 49=MTHREE; 56=MS; 52=2022-03-25-12:42:34; 108=30; 10=0015;
8=FIX4.4; 35=0; 34=31; 49=MS; 56=MTHREE; 52=2022-03-25-12:42:34; 108=30; 10=0015;
8=FIX4.4; 35=0; 34=32; 49=MTHREE; 56=MS; 52=2022-03-25-12:42:36; 108=30; 10=0015;
8=FIX4.4; 35=0; 34=32; 49=MS; 56=MTHREE; 52=2022-03-25-12:42:36; 108=30; 10=0015;
8=FIX4.4; 35=0; 34=33; 49=MTHREE; 56=MS; 52=2022-03-25-12:42:38; 108=30; 10=0015;
8=FIX4.4; 35=0; 34=33; 49=MS; 56=MTHREE; 52=2022-03-25-12:42:38; 108=30; 10=0015;
8=FIX4.4; 35=0; 34=34; 49=MTHREE; 56=MS; 52=2022-03-25-12:42:40; 108=30; 10=0015;
8=FIX4.4; 35=0; 34=34; 49=MS; 56=MTHREE; 52=2022-03-25-12:42:40; 108=30; 10=0015;
8=FIX4.4; 35=0; 34=35; 49=MTHREE; 56=MS; 52=2022-03-25-12:42:42; 108=30; 10=0015;
8=FIX4.4; 35=0; 34=35; 49=MS; 56=MTHREE; 52=2022-03-25-12:42:42; 108=30; 10=0015;
8=FIX4.4; 35=0; 34=36; 49=MTHREE; 56=MS; 52=2022-03-25-12:42:44; 108=30; 10=0015;
8=FIX4.4; 35=0; 34=36; 49=MS; 56=MTHREE; 52=2022-03-25-12:42:44; 108=30; 10=0015;
8=FIX4.4; 35=0; 34=37; 49=MTHREE; 56=MS; 52=2022-03-25-12:42:46; 108=30; 10=0015;
8=FIX4.4; 35=0; 34=37; 49=MS; 56=MTHREE; 52=2022-03-25-12:42:46; 108=30; 10=0015;
8=FIX4.4; 35=0; 34=38; 49=MTHREE; 56=MS; 52=2022-03-25-12:42:48; 108=30; 10=0015;
8=FIX4.4; 35=0; 34=38; 49=MS; 56=MTHREE; 52=2022-03-25-12:42:48; 108=30; 10=0015;
8=FIX4.4; 35=0; 34=39; 49=MTHREE; 56=MS; 52=2022-03-25-12:42:50; 108=30; 10=0015;
8=FIX4.4; 35=0; 34=39; 49=MS; 56=MTHREE; 52=2022-03-25-12:42:50; 108=30; 10=0015;
8=FIX4.4; 35=0; 34=40; 49=MTHREE; 56=MS; 52=2022-03-25-12:42:52; 108=30; 10=0015;
8=FIX4.4; 35=0; 34=40; 49=MS; 56=MTHREE; 52=2022-03-25-12:42:52; 108=30; 10=0015;
8=FIX4.4; 35=0; 34=41; 49=MTHREE; 56=MS; 52=2022-03-25-12:42:54; 108=30; 10=0015;
8=FIX4.4; 35=0; 34=41; 49=MS; 56=MTHREE; 52=2022-03-25-12:42:54; 108=30; 10=0015;
8=FIX4.4; 35=0; 34=42; 49=MTHREE; 56=MS; 52=2022-03-25-12:42:56; 108=30; 10=0015;
8=FIX4.4; 35=0; 34=42; 49=MS; 56=MTHREE; 52=2022-03-25-12:42:56; 108=30; 10=0015;
8=FIX4.4; 35=0; 34=43; 49=MTHREE; 56=MS; 52=2022-03-25-12:42:58; 108=30; 10=0015;
8=FIX4.4; 35=0; 34=43; 49=MS; 56=MTHREE; 52=2022-03-25-12:42:58; 108=30; 10=0015;
8=FIX4.4; 35=0; 34=44; 49=MTHREE; 56=MS; 52=2022-03-25-12:43:00; 108=30; 10=0015;
8=FIX4.4; 35=0; 34=44; 49=MS; 56=MTHREE; 52=2022-03-25-12:43:00; 108=30; 10=0015;
8=FIX4.4; 35=0; 34=45; 49=MTHREE; 56=MS; 52=2022-03-25-12:43:02; 108=30; 10=0015;
8=FIX4.4; 35=0; 34=45; 49=MS; 56=MTHREE; 52=2022-03-25-12:43:02; 108=30; 10=0015;
8=FIX4.4; 35=0; 34=46; 49=MTHREE; 56=MS; 52=2022-03-25-12:43:04; 108=30; 10=0015;
8=FIX4.4; 35=0; 34=46; 49=MS; 56=MTHREE; 52=2022-03-25-12:43:04; 108=30; 10=0015;
8=FIX4.4; 35=0; 34=47; 49=MTHREE; 56=MS; 52=2022-03-25-12:43:06; 108=30; 10=0015;
8=FIX4.4; 35=0; 34=47; 49=MS; 56=MTHREE; 52=2022-03-25-12:43:06; 108=30; 10=0015;
8=FIX4.4; 35=0; 34=48; 49=MTHREE; 56=MS; 52=2022-03-25-12:43:08; 108=30; 10=0015;
8=FIX4.4; 35=0; 34=48; 49=MS; 56=MTHREE; 52=2022-03-25-12:43:08; 108=30; 10=0015;
8=FIX4.4; 35=0; 34=49; 49=MTHREE; 56=MS; 52=2022-03-25-12:43:10; 108=30; 10=0015;
8=FIX4.4; 35=0; 34=49; 49=MS; 56=MTHREE; 52=2022-03-25-12:43:10; 108=30; 10=0015;
8=FIX4.4; 35=0; 34=50; 49=MTHREE; 56=MS; 52=2022-03-25-12:43:12; 108=30; 10=0015;
8=FIX4.4; 35=0; 34=50; 49=MS; 56=MTHREE; 52=2022-03-25-12:43:12; 108=30; 10=0015;
8=FIX4.4; 35=0; 34=51; 49=MTHREE; 56=MS; 52=2022-03-25-12:43:14; 108=30; 10=0015;
8=FIX4.4; 35=0; 34=51; 49=MS; 56=MTHREE; 52=2022-03-25-12:43:14; 108=30; 10=0015;
8=FIX4.4; 35=D; 34=52; 49=MTHREE; 56=MS; 52=2022-03-25-12:43:16; 55=AAPL; 40=2; 38=7670; 21=2; 11=algo20220325124316; 60=2022-03-25-12:43:16; 54=1; 44=1276.37; 10=0252;
8=FIX4.4; 35=8; 34=52; 49=MS; 56=MTHREE; 52=2022-03-25-12:43:16; 55=AAPL; 40=2; 11=algo20220325124316; 31=1276.37; 150=0; 39=0; 54=1; 44=1276.37; 32=0; 17=exec20220325124316; 38=7670; 60=2022-03-25-12:43:16; 6=0; 14=0; 37=algo20220325124316; 10=200;
8=FIX4.4; 35=8; 34=53; 49=MS; 56=MTHREE; 52=2022-03-25-12:43:17; 55=AAPL; 40=2; 11=algo20220325124316; 31=1276.37; 150=2; 39=2; 54=1; 44=1276.37; 32=7670; 17=exec20220325124317; 38=7670; 60=2022-03-25-12:43:17; 6=1276.37; 14=7670; 37=algo20220325124316; 10=246;
8=FIX4.4; 35=D; 34=53; 49=MTHREE; 56=MS; 52=2022-03-25-12:43:17; 55=MSFT; 40=2; 38=31180; 21=2; 11=algo20220325124317; 60=2022-03-25-12:43:17; 54=1; 44=59.89; 10=0252;
8=FIX4.4; 35=8; 34=54; 49=MS; 56=MTHREE; 52=2022-03-25-12:43:17; 55=MSFT; 40=2; 11=algo20220325124317; 31=59.89; 150=0; 39=0; 54=1; 44=59.89; 32=0; 17=exec20220325124317; 38=31180; 60=2022-03-25-12:43:17; 6=0; 14=0; 37=algo20220325124317; 10=200;
8=FIX4.4; 35=8; 34=55; 49=MS; 56=MTHREE; 52=2022-03-25-12:43:17; 55=MSFT; 40=2; 11=algo20220325124317; 31=59.89; 150=1; 39=1; 54=1; 44=59.89; 32=6236; 17=exec20220325124317; 38=31180; 60=2022-03-25-12:43:17; 6=59.89; 14=6236; 37=algo20220325124317; 10=240;
8=FIX4.4; 35=8; 34=56; 49=MS; 56=MTHREE; 52=2022-03-25-12:43:18; 55=MSFT; 40=2; 11=algo20220325124317; 31=59.89; 150=1; 39=1; 54=1; 44=59.89; 32=6236; 17=exec20220325124318; 38=31180; 60=2022-03-25-12:43:18; 6=59.89; 14=12472; 37=algo20220325124317; 10=240;
8=FIX4.4; 35=F; 34=53; 49=MTHREE; 56=MS; 52=2022-03-25-12:43:19; 41=algo20220325124317; 55=MSFT; 38=31180; 11=C_algo20220325124317; 60=2022-03-25-12:43:19; 10=060;
8=FIX4.4; 35=8; 34=56; 49=MS; 56=MTHREE; 52=2022-03-25-12:43:19; 55=MSFT; 11=C_algo20220325124317; 31=0; 150=6; 39=6; 54=1; 44=59.89; 17=exec20220325124319; 32=0; 41=algo20220325124317; 38=31180; 60=2022-03-25-12:43:19; 6=0.0; 14=12472; 37=algo20220325124317; 10=252;
8=FIX4.4; 35=8; 34=57; 49=MS; 56=MTHREE; 52=2022-03-25-12:43:19; 151=12472; 55=MSFT; 11=C_algo20220325124317; 31=0; 150=4; 39=4; 54=1; 17=exec20220325124319; 32=0; 41=algo20220325124317; 38=31180; 60=2022-03-25-12:43:19; 6=0.0; 14=12472; 37=algo20220325124317; 10=252;
8=FIX4.4; 35=D; 34=55; 49=MTHREE; 56=MS; 52=2022-03-25-12:43:21; 55=AMZN; 40=2; 38=2957; 21=2; 11=algo20220325124321; 60=2022-03-25-12:43:21; 54=2; 44=133.47; 10=0252;
8=FIX4.4; 35=8; 34=59; 49=MS; 56=MTHREE; 52=2022-03-25-12:43:21; 55=AMZN; 40=2; 11=algo20220325124321; 31=133.47; 150=0; 39=0; 54=2; 44=133.47; 32=0; 17=exec20220325124321; 38=2957; 60=2022-03-25-12:43:21; 6=0; 14=0; 37=algo20220325124321; 10=200;
8=FIX4.4; 35=8; 34=60; 49=MS; 56=MTHREE; 52=2022-03-25-12:43:22; 55=AMZN; 40=2; 11=algo20220325124321; 31=133.47; 150=2; 39=2; 54=2; 44=133.47; 32=2957; 17=exec20220325124322; 38=2957; 60=2022-03-25-12:43:22; 6=133.47; 14=2957; 37=algo20220325124321; 10=246;
8=FIX4.4; 35=D; 34=56; 49=MTHREE; 56=MS; 52=2022-03-25-12:43:22; 55=FB; 40=2; 38=26128; 21=2; 11=algo20220325124322; 60=2022-03-25-12:43:22; 54=2; 44=430.62; 10=0252;
8=FIX4.4; 35=8; 34=61; 49=MS; 56=MTHREE; 52=2022-03-25-12:43:22; 55=FB; 40=2; 11=algo20220325124322; 31=430.62; 150=0; 39=0; 54=2; 44=430.62; 32=0; 17=exec20220325124322; 38=26128; 60=2022-03-25-12:43:22; 6=0; 14=0; 37=algo20220325124322; 10=200;
8=FIX4.4; 35=F; 34=56; 49=MTHREE; 56=MS; 52=2022-03-25-12:43:22; 41=algo20220325124322; 55=FB; 38=26128; 11=C_algo20220325124322; 60=2022-03-25-12:43:22; 10=060;
8=FIX4.4; 35=8; 34=61; 49=MS; 56=MTHREE; 52=2022-03-25-12:43:22; 55=FB; 11=C_algo20220325124322; 31=0; 150=6; 39=6; 54=2; 44=430.62; 17=exec20220325124322; 32=0; 41=algo20220325124322; 38=26128; 60=2022-03-25-12:43:22; 6=0.0; 14=0; 37=algo20220325124322; 10=252;
8=FIX4.4; 35=8; 34=62; 49=MS; 56=MTHREE; 52=2022-03-25-12:43:22; 151=13064; 55=FB; 11=C_algo20220325124322; 31=0; 150=4; 39=4; 54=2; 17=exec20220325124322; 32=0; 41=algo20220325124322; 38=26128; 60=2022-03-25-12:43:22; 6=0.0; 14=0; 37=algo20220325124322; 10=252;
8=FIX4.4; 35=D; 34=58; 49=MTHREE; 56=MS; 52=2022-03-25-12:43:24; 55=GOOG; 40=2; 38=5948; 21=2; 11=algo20220325124324; 60=2022-03-25-12:43:24; 54=1; 44=42.05; 10=0252;
8=FIX4.4; 35=8; 34=64; 49=MS; 56=MTHREE; 52=2022-03-25-12:43:24; 55=GOOG; 40=2; 11=algo20220325124324; 31=42.05; 150=0; 39=0; 54=1; 44=42.05; 32=0; 17=exec20220325124324; 38=5948; 60=2022-03-25-12:43:24; 6=0; 14=0; 37=algo20220325124324; 10=200;
8=FIX4.4; 35=F; 34=58; 49=MTHREE; 56=MS; 52=2022-03-25-12:43:24; 41=algo20220325124324; 55=GOOG; 38=5948; 11=C_algo20220325124324; 60=2022-03-25-12:43:24; 10=060;
8=FIX4.4; 35=8; 34=64; 49=MS; 56=MTHREE; 52=2022-03-25-12:43:24; 55=GOOG; 11=C_algo20220325124324; 31=0; 150=6; 39=6; 54=1; 44=42.05; 17=exec20220325124324; 32=0; 41=algo20220325124324; 38=5948; 60=2022-03-25-12:43:24; 6=0.0; 14=0; 37=algo20220325124324; 10=252;
8=FIX4.4; 35=8; 34=65; 49=MS; 56=MTHREE; 52=2022-03-25-12:43:24; 151=4759; 55=GOOG; 11=C_algo20220325124324; 31=0; 150=4; 39=4; 54=1; 17=exec20220325124324; 32=0; 41=algo20220325124324; 38=5948; 60=2022-03-25-12:43:24; 6=0.0; 14=0; 37=algo20220325124324; 10=252;
8=FIX4.4; 35=D; 34=60; 49=MTHREE; 56=MS; 52=2022-03-25-12:43:26; 55=GOOGL; 40=2; 38=24810; 21=2; 11=algo20220325124326; 60=2022-03-25-12:43:26; 54=2; 44=289.20; 10=0252;
8=FIX4.4; 35=8; 34=67; 49=MS; 56=MTHREE; 52=2022-03-25-12:43:26; 55=GOOGL; 40=2; 11=algo20220325124326; 31=289.20; 150=0; 39=0; 54=2; 44=289.20; 32=0; 17=exec20220325124326; 38=24810; 60=2022-03-25-12:43:26; 6=0; 14=0; 37=algo20220325124326; 10=200;
8=FIX4.4; 35=8; 34=68; 49=MS; 56=MTHREE; 52=2022-03-25-12:43:26; 55=GOOGL; 40=2; 11=algo20220325124326; 31=289.20; 150=1; 39=1; 54=2; 44=289.20; 32=8270; 17=exec20220325124326; 38=24810; 60=2022-03-25-12:43:26; 6=289.20; 14=8270; 37=algo20220325124326; 10=240;
8=FIX4.4; 35=F; 34=60; 49=MTHREE; 56=MS; 52=2022-03-25-12:43:27; 41=algo20220325124326; 55=GOOGL; 38=24810; 11=C_algo20220325124326; 60=2022-03-25-12:43:27; 10=060;
8=FIX4.4; 35=8; 34=68; 49=MS; 56=MTHREE; 52=2022-03-25-12:43:27; 55=GOOGL; 11=C_algo20220325124326; 31=0; 150=6; 39=6; 54=2; 44=289.20; 17=exec20220325124327; 32=0; 41=algo20220325124326; 38=24810; 60=2022-03-25-12:43:27; 6=0.0; 14=8270; 37=algo20220325124326; 10=252;
8=FIX4.4; 35=8; 34=69; 49=MS; 56=MTHREE; 52=2022-03-25-12:43:27; 151=8270; 55=GOOGL; 11=C_algo20220325124326; 31=0; 150=4; 39=4; 54=2; 17=exec20220325124327; 32=0; 41=algo20220325124326; 38=24810; 60=2022-03-25-12:43:27; 6=0.0; 14=8270; 37=algo20220325124326; 10=252;
8=FIX4.4; 35=D; 34=62; 49=MTHREE; 56=MS; 52=2022-03-25-12:43:29; 55=INTC; 40=2; 38=433; 21=2; 11=algo20220325124329; 60=2022-03-25-12:43:29; 54=2; 44=339.13; 10=0252;
8=FIX4.4; 35=8; 34=71; 49=MS; 56=MTHREE; 52=2022-03-25-12:43:29; 55=INTC; 40=2; 11=algo20220325124329; 31=339.13; 150=0; 39=0; 54=2; 44=339.13; 32=0; 17=exec20220325124329; 38=433; 60=2022-03-25-12:43:29; 6=0; 14=0; 37=algo20220325124329; 10=200;
8=FIX4.4; 35=8; 34=72; 49=MS; 56=MTHREE; 52=2022-03-25-12:43:29; 55=INTC; 40=2; 11=algo20220325124329; 31=339.13; 150=1; 39=1; 54=2; 44=339.13; 32=108; 17=exec20220325124329; 38=433; 60=2022-03-25-12:43:29; 6=339.13; 14=108; 37=algo20220325124329; 10=240;
8=FIX4.4; 35=8; 34=73; 49=MS; 56=MTHREE; 52=2022-03-25-12:43:30; 55=INTC; 40=2; 11=algo20220325124329; 31=339.13; 150=1; 39=1; 54=2; 44=339.13; 32=108; 17=exec20220325124330; 38=433; 60=2022-03-25-12:43:30; 6=339.13; 14=216; 37=algo20220325124329; 10=240;
8=FIX4.4; 35=8; 34=74; 49=MS; 56=MTHREE; 52=2022-03-25-12:43:31; 55=INTC; 40=2; 11=algo20220325124329; 31=339.13; 150=1; 39=1; 54=2; 44=339.13; 32=108; 17=exec20220325124331; 38=433; 60=2022-03-25-12:43:31; 6=339.13; 14=324; 37=algo20220325124329; 10=240;
8=FIX4.4; 35=8; 34=75; 49=MS; 56=MTHREE; 52=2022-03-25-12:43:33; 55=INTC; 40=2; 11=algo20220325124329; 31=339.13; 150=2; 39=2; 54=2; 44=339.13; 32=109; 17=exec20220325124333; 38=433; 60=2022-03-25-12:43:33; 6=339.13; 14=433; 37=algo20220325124329; 10=246;
8=FIX4.4; 35=D; 34=63; 49=MTHREE; 56=MS; 52=2022-03-25-12:43:33; 55=PEP; 40=2; 38=13371; 21=2; 11=algo20220325124333; 60=2022-03-25-12:43:33; 54=1; 44=36.21; 10=0252;
8=FIX4.4; 35=8; 34=76; 49=MS; 56=MTHREE; 52=2022-03-25-12:43:33; 55=PEP; 40=2; 11=algo20220325124333; 31=36.21; 150=0; 39=0; 54=1; 44=36.21; 32=0; 17=exec20220325124333; 38=13371; 60=2022-03-25-12:43:33; 6=0; 14=0; 37=algo20220325124333; 10=200;
8=FIX4.4; 35=F; 34=63; 49=MTHREE; 56=MS; 52=2022-03-25-12:43:33; 41=algo20220325124333; 55=PEP; 38=13371; 11=C_algo20220325124333; 60=2022-03-25-12:43:33; 10=060;
8=FIX4.4; 35=8; 34=76; 49=MS; 56=MTHREE; 52=2022-03-25-12:43:33; 55=PEP; 11=C_algo20220325124333; 31=0; 150=6; 39=6; 54=1; 44=36.21; 17=exec20220325124333; 32=0; 41=algo20220325124333; 38=13371; 60=2022-03-25-12:43:33; 6=0.0; 14=0; 37=algo20220325124333; 10=252;
8=FIX4.4; 35=8; 34=77; 49=MS; 56=MTHREE; 52=2022-03-25-12:43:33; 151=6686; 55=PEP; 11=C_algo20220325124333; 31=0; 150=4; 39=4; 54=1; 17=exec20220325124333; 32=0; 41=algo20220325124333; 38=13371; 60=2022-03-25-12:43:33; 6=0.0; 14=0; 37=algo20220325124333; 10=252;
8=FIX4.4; 35=D; 34=65; 49=MTHREE; 56=MS; 52=2022-03-25-12:43:35; 55=NFLX; 40=2; 38=20285; 21=2; 11=algo20220325124335; 60=2022-03-25-12:43:35; 54=1; 44=306.71; 10=0252;
8=FIX4.4; 35=8; 34=79; 49=MS; 56=MTHREE; 52=2022-03-25-12:43:35; 55=NFLX; 40=2; 11=algo20220325124335; 31=306.71; 150=0; 39=0; 54=1; 44=306.71; 32=0; 17=exec20220325124335; 38=20285; 60=2022-03-25-12:43:35; 6=0; 14=0; 37=algo20220325124335; 10=200;
8=FIX4.4; 35=8; 34=80; 49=MS; 56=MTHREE; 52=2022-03-25-12:43:36; 55=NFLX; 40=2; 11=algo20220325124335; 31=306.71; 150=2; 39=2; 54=1; 44=306.71; 32=20285; 17=exec20220325124336; 38=20285; 60=2022-03-25-12:43:36; 6=306.71; 14=20285; 37=algo20220325124335; 10=246;
8=FIX4.4; 35=D; 34=66; 49=MTHREE; 56=MS; 52=2022-03-25-12:43:36; 55=CSCO; 40=2; 38=979; 21=2; 11=algo20220325124336; 60=2022-03-25-12:43:36; 54=1; 44=233.73; 10=0252;
8=FIX4.4; 35=8; 34=81; 49=MS; 56=MTHREE; 52=2022-03-25-12:43:36; 55=CSCO; 40=2; 11=algo20220325124336; 31=233.73; 150=0; 39=0; 54=1; 44=233.73; 32=0; 17=exec20220325124336; 38=979; 60=2022-03-25-12:43:36; 6=0; 14=0; 37=algo20220325124336; 10=200;
8=FIX4.4; 35=8; 34=82; 49=MS; 56=MTHREE; 52=2022-03-25-12:43:37; 55=CSCO; 40=2; 11=algo20220325124336; 31=233.73; 150=2; 39=2; 54=1; 44=233.73; 32=979; 17=exec20220325124337; 38=979; 60=2022-03-25-12:43:37; 6=233.73; 14=979; 37=algo20220325124336; 10=246;
8=FIX4.4; 35=D; 34=67; 49=MTHREE; 56=MS; 52=2022-03-25-12:43:37; 55=AMGN; 40=2; 38=1590; 21=2; 11=algo20220325124337; 60=2022-03-25-12:43:37; 54=2; 44=116.62; 10=0252;
8=FIX4.4; 35=8; 34=83; 49=MS; 56=MTHREE; 52=2022-03-25-12:43:37; 55=AMGN; 40=2; 11=algo20220325124337; 31=116.62; 150=0; 39=0; 54=2; 44=116.62; 32=0; 17=exec20220325124337; 38=1590; 60=2022-03-25-12:43:37; 6=0; 14=0; 37=algo20220325124337; 10=200;
8=FIX4.4; 35=F; 34=67; 49=MTHREE; 56=MS; 52=2022-03-25-12:43:37; 41=algo20220325124337; 55=AMGN; 38=1590; 11=C_algo20220325124337; 60=2022-03-25-12:43:37; 10=060;
8=FIX4.4; 35=8; 34=83; 49=MS; 56=MTHREE; 52=2022-03-25-12:43:37; 55=AMGN; 11=C_algo20220325124337; 31=0; 150=6; 39=6; 54=2; 44=116.62; 17=exec20220325124337; 32=0; 41=algo20220325124337; 38=1590; 60=2022-03-25-12:43:37; 6=0.0; 14=0; 37=algo20220325124337; 10=252;
8=FIX4.4; 35=8; 34=84; 49=MS; 56=MTHREE; 52=2022-03-25-12:43:37; 151=1193; 55=AMGN; 11=C_algo20220325124337; 31=0; 150=4; 39=4; 54=2; 17=exec20220325124337; 32=0; 41=algo20220325124337; 38=1590; 60=2022-03-25-12:43:37; 6=0.0; 14=0; 37=algo20220325124337; 10=252;
8=FIX4.4; 35=D; 34=69; 49=MTHREE; 56=MS; 52=2022-03-25-12:43:39; 55=PYPL; 40=2; 38=6908; 21=2; 11=algo20220325124339; 60=2022-03-25-12:43:39; 54=1; 44=723.61; 10=0252;
8=FIX4.4; 35=8; 34=86; 49=MS; 56=MTHREE; 52=2022-03-25-12:43:39; 55=PYPL; 40=2; 11=algo20220325124339; 31=723.61; 150=0; 39=0; 54=1; 44=723.61; 32=0; 17=exec20220325124339; 38=6908; 60=2022-03-25-12:43:39; 6=0; 14=0; 37=algo20220325124339; 10=200;
8=FIX4.4; 35=F; 34=69; 49=MTHREE; 56=MS; 52=2022-03-25-12:43:39; 41=algo20220325124339; 55=PYPL; 38=6908; 11=C_algo20220325124339; 60=2022-03-25-12:43:39; 10=060;
8=FIX4.4; 35=8; 34=86; 49=MS; 56=MTHREE; 52=2022-03-25-12:43:39; 55=PYPL; 11=C_algo20220325124339; 31=0; 150=6; 39=6; 54=1; 44=723.61; 17=exec20220325124339; 32=0; 41=algo20220325124339; 38=6908; 60=2022-03-25-12:43:39; 6=0.0; 14=0; 37=algo20220325124339; 10=252;
8=FIX4.4; 35=8; 34=87; 49=MS; 56=MTHREE; 52=2022-03-25-12:43:39; 151=5181; 55=PYPL; 11=C_algo20220325124339; 31=0; 150=4; 39=4; 54=1; 17=exec20220325124339; 32=0; 41=algo20220325124339; 38=6908; 60=2022-03-25-12:43:39; 6=0.0; 14=0; 37=algo20220325124339; 10=252;
8=FIX4.4; 35=D; 34=71; 49=MTHREE; 56=MS; 52=2022-03-25-12:43:41; 55=TSLA; 40=2; 38=19573; 21=2; 11=algo20220325124341; 60=2022-03-25-12:43:41; 54=2; 44=503.77; 10=0252;
8=FIX4.4; 35=8; 34=89; 49=MS; 56=MTHREE; 52=2022-03-25-12:43:41; 55=TSLA; 40=2; 11=algo20220325124341; 31=503.77; 150=0; 39=0; 54=2; 44=503.77; 32=0; 17=exec20220325124341; 38=19573; 60=2022-03-25-12:43:41; 6=0; 14=0; 37=algo20220325124341; 10=200;
8=FIX4.4; 35=8; 34=90; 49=MS; 56=MTHREE; 52=2022-03-25-12:43:41; 55=TSLA; 40=2; 11=algo20220325124341; 31=503.77; 150=1; 39=1; 54=2; 44=503.77; 32=3914; 17=exec20220325124341; 38=19573; 60=2022-03-25-12:43:41; 6=503.77; 14=3914; 37=algo20220325124341; 10=240;
8=FIX4.4; 35=F; 34=71; 49=MTHREE; 56=MS; 52=2022-03-25-12:43:42; 41=algo20220325124341; 55=TSLA; 38=19573; 11=C_algo20220325124341; 60=2022-03-25-12:43:42; 10=060;
8=FIX4.4; 35=8; 34=90; 49=MS; 56=MTHREE; 52=2022-03-25-12:43:42; 55=TSLA; 11=C_algo20220325124341; 31=0; 150=6; 39=6; 54=2; 44=503.77; 17=exec20220325124342; 32=0; 41=algo20220325124341; 38=19573; 60=2022-03-25-12:43:42; 6=0.0; 14=3914; 37=algo20220325124341; 10=252;
8=FIX4.4; 35=8; 34=91; 49=MS; 56=MTHREE; 52=2022-03-25-12:43:42; 151=11745; 55=TSLA; 11=C_algo20220325124341; 31=0; 150=4; 39=4; 54=2; 17=exec20220325124342; 32=0; 41=algo20220325124341; 38=19573; 60=2022-03-25-12:43:42; 6=0.0; 14=3914; 37=algo20220325124341; 10=252;
8=FIX4.4; 35=D; 34=73; 49=MTHREE; 56=MS; 52=2022-03-25-12:43:44; 55=TXN; 40=2; 38=32161; 21=2; 11=algo20220325124344; 60=2022-03-25-12:43:44; 54=1; 44=112.46; 10=0252;
8=FIX4.4; 35=8; 34=93; 49=MS; 56=MTHREE; 52=2022-03-25-12:43:44; 55=TXN; 40=2; 11=algo20220325124344; 31=112.46; 150=0; 39=0; 54=1; 44=112.46; 32=0; 17=exec20220325124344; 38=32161; 60=2022-03-25-12:43:44; 6=0; 14=0; 37=algo20220325124344; 10=200;
8=FIX4.4; 35=F; 34=73; 49=MTHREE; 56=MS; 52=2022-03-25-12:43:44; 41=algo20220325124344; 55=TXN; 38=32161; 11=C_algo20220325124344; 60=2022-03-25-12:43:44; 10=060;
8=FIX4.4; 35=8; 34=93; 49=MS; 56=MTHREE; 52=2022-03-25-12:43:44; 55=TXN; 11=C_algo20220325124344; 31=0; 150=6; 39=6; 54=1; 44=112.46; 17=exec20220325124344; 32=0; 41=algo20220325124344; 38=32161; 60=2022-03-25-12:43:44; 6=0.0; 14=0; 37=algo20220325124344; 10=252;
8=FIX4.4; 35=8; 34=94; 49=MS; 56=MTHREE; 52=2022-03-25-12:43:44; 151=16081; 55=TXN; 11=C_algo20220325124344; 31=0; 150=4; 39=4; 54=1; 17=exec20220325124344; 32=0; 41=algo20220325124344; 38=32161; 60=2022-03-25-12:43:44; 6=0.0; 14=0; 37=algo20220325124344; 10=252;
8=FIX4.4; 35=D; 34=75; 49=MTHREE; 56=MS; 52=2022-03-25-12:43:46; 55=AVGO; 40=2; 38=14016; 21=2; 11=algo20220325124346; 60=2022-03-25-12:43:46; 54=2; 44=262.99; 10=0252;
8=FIX4.4; 35=8; 34=96; 49=MS; 56=MTHREE; 52=2022-03-25-12:43:46; 55=AVGO; 40=2; 11=algo20220325124346; 31=262.99; 150=0; 39=0; 54=2; 44=262.99; 32=0; 17=exec20220325124346; 38=14016; 60=2022-03-25-12:43:46; 6=0; 14=0; 37=algo20220325124346; 10=200;
8=FIX4.4; 35=F; 34=75; 49=MTHREE; 56=MS; 52=2022-03-25-12:43:46; 41=algo20220325124346; 55=AVGO; 38=14016; 11=C_algo20220325124346; 60=2022-03-25-12:43:46; 10=060;
8=FIX4.4; 35=8; 34=96; 49=MS; 56=MTHREE; 52=2022-03-25-12:43:46; 55=AVGO; 11=C_algo20220325124346; 31=0; 150=6; 39=6; 54=2; 44=262.99; 17=exec20220325124346; 32=0; 41=algo20220325124346; 38=14016; 60=2022-03-25-12:43:46; 6=0.0; 14=0; 37=algo20220325124346; 10=252;
8=FIX4.4; 35=8; 34=97; 49=MS; 56=MTHREE; 52=2022-03-25-12:43:46; 151=9344; 55=AVGO; 11=C_algo20220325124346; 31=0; 150=4; 39=4; 54=2; 17=exec20220325124346; 32=0; 41=algo20220325124346; 38=14016; 60=2022-03-25-12:43:46; 6=0.0; 14=0; 37=algo20220325124346; 10=252;
8=FIX4.4; 35=D; 34=77; 49=MTHREE; 56=MS; 52=2022-03-25-12:43:48; 55=GILD; 40=2; 38=32462; 21=2; 11=algo20220325124348; 60=2022-03-25-12:43:48; 54=2; 44=82.91; 10=0252;
8=FIX4.4; 35=8; 34=99; 49=MS; 56=MTHREE; 52=2022-03-25-12:43:48; 55=GILD; 40=2; 11=algo20220325124348; 31=82.91; 150=0; 39=0; 54=2; 44=82.91; 32=0; 17=exec20220325124348; 38=32462; 60=2022-03-25-12:43:48; 6=0; 14=0; 37=algo20220325124348; 10=200;
8=FIX4.4; 35=8; 34=100; 49=MS; 56=MTHREE; 52=2022-03-25-12:43:48; 55=GILD; 40=2; 11=algo20220325124348; 31=82.91; 150=1; 39=1; 54=2; 44=82.91; 32=6492; 17=exec20220325124348; 38=32462; 60=2022-03-25-12:43:48; 6=82.91; 14=6492; 37=algo20220325124348; 10=240;
8=FIX4.4; 35=F; 34=77; 49=MTHREE; 56=MS; 52=2022-03-25-12:43:49; 41=algo20220325124348; 55=GILD; 38=32462; 11=C_algo20220325124348; 60=2022-03-25-12:43:49; 10=060;
8=FIX4.4; 35=8; 34=100; 49=MS; 56=MTHREE; 52=2022-03-25-12:43:49; 55=GILD; 11=C_algo20220325124348; 31=0; 150=6; 39=6; 54=2; 44=82.91; 17=exec20220325124349; 32=0; 41=algo20220325124348; 38=32462; 60=2022-03-25-12:43:49; 6=0.0; 14=6492; 37=algo20220325124348; 10=252;
8=FIX4.4; 35=8; 34=101; 49=MS; 56=MTHREE; 52=2022-03-25-12:43:49; 151=19478; 55=GILD; 11=C_algo20220325124348; 31=0; 150=4; 39=4; 54=2; 17=exec20220325124349; 32=0; 41=algo20220325124348; 38=32462; 60=2022-03-25-12:43:49; 6=0.0; 14=6492; 37=algo20220325124348; 10=252;
8=FIX4.4; 35=D; 34=79; 49=MTHREE; 56=MS; 52=2022-03-25-12:43:51; 55=SBUX; 40=2; 38=23323; 21=2; 11=algo20220325124351; 60=2022-03-25-12:43:51; 54=2; 44=75.71; 10=0252;
8=FIX4.4; 35=8; 34=103; 49=MS; 56=MTHREE; 52=2022-03-25-12:43:51; 55=SBUX; 40=2; 11=algo20220325124351; 31=75.71; 150=0; 39=0; 54=2; 44=75.71; 32=0; 17=exec20220325124351; 38=23323; 60=2022-03-25-12:43:51; 6=0; 14=0; 37=algo20220325124351; 10=200;
8=FIX4.4; 35=F; 34=79; 49=MTHREE; 56=MS; 52=2022-03-25-12:43:51; 41=algo20220325124351; 55=SBUX; 38=23323; 11=C_algo20220325124351; 60=2022-03-25-12:43:51; 10=060;
8=FIX4.4; 35=8; 34=103; 49=MS; 56=MTHREE; 52=2022-03-25-12:43:51; 55=SBUX; 11=C_algo20220325124351; 31=0; 150=6; 39=6; 54=2; 44=75.71; 17=exec20220325124351; 32=0; 41=algo20220325124351; 38=23323; 60=2022-03-25-12:43:51; 6=0.0; 14=0; 37=algo20220325124351; 10=252;
8=FIX4.4; 35=8; 34=104; 49=MS; 56=MTHREE; 52=2022-03-25-12:43:51; 151=15549; 55=SBUX; 11=C_algo20220325124351; 31=0; 150=4; 39=4; 54=2; 17=exec20220325124351; 32=0; 41=algo20220325124351; 38=23323; 60=2022-03-25-12:43:51; 6=0.0; 14=0; 37=algo20220325124351; 10=252;
8=FIX4.4; 35=D; 34=81; 49=MTHREE; 56=MS; 52=2022-03-25-12:43:53; 55=QCOM; 40=2; 38=20970; 21=2; 11=algo20220325124353; 60=2022-03-25-12:43:53; 54=1; 44=75.47; 10=0252;
8=FIX4.4; 35=8; 34=106; 49=MS; 56=MTHREE; 52=2022-03-25-12:43:53; 55=QCOM; 40=2; 11=algo20220325124353; 31=75.47; 150=0; 39=0; 54=1; 44=75.47; 32=0; 17=exec20220325124353; 38=20970; 60=2022-03-25-12:43:53; 6=0; 14=0; 37=algo20220325124353; 10=200;
8=FIX4.4; 35=8; 34=107; 49=MS; 56=MTHREE; 52=2022-03-25-12:43:53; 55=QCOM; 40=2; 11=algo20220325124353; 31=75.47; 150=1; 39=1; 54=1; 44=75.47; 32=4194; 17=exec20220325124353; 38=20970; 60=2022-03-25-12:43:53; 6=75.47; 14=4194; 37=algo20220325124353; 10=240;
8=FIX4.4; 35=F; 34=81; 49=MTHREE; 56=MS; 52=2022-03-25-12:43:54; 41=algo20220325124353; 55=QCOM; 38=20970; 11=C_algo20220325124353; 60=2022-03-25-12:43:54; 10=060;
8=FIX4.4; 35=8; 34=107; 49=MS; 56=MTHREE; 52=2022-03-25-12:43:54; 55=QCOM; 11=C_algo20220325124353; 31=0; 150=6; 39=6; 54=1; 44=75.47; 17=exec20220325124354; 32=0; 41=algo20220325124353; 38=20970; 60=2022-03-25-12:43:54; 6=0.0; 14=4194; 37=algo20220325124353; 10=252;
8=FIX4.4; 35=8; 34=108; 49=MS; 56=MTHREE; 52=2022-03-25-12:43:54; 151=12582; 55=QCOM; 11=C_algo20220325124353; 31=0; 150=4; 39=4; 54=1; 17=exec20220325124354; 32=0; 41=algo20220325124353; 38=20970; 60=2022-03-25-12:43:54; 6=0.0; 14=4194; 37=algo20220325124353; 10=252;
8=FIX4.4; 35=D; 34=83; 49=MTHREE; 56=MS; 52=2022-03-25-12:43:56; 55=TMUS; 40=2; 38=3102; 21=2; 11=algo20220325124356; 60=2022-03-25-12:43:56; 54=1; 44=90.74; 10=0252;
8=FIX4.4; 35=8; 34=110; 49=MS; 56=MTHREE; 52=2022-03-25-12:43:56; 55=TMUS; 40=2; 11=algo20220325124356; 31=90.74; 150=0; 39=0; 54=1; 44=90.74; 32=0; 17=exec20220325124356; 38=3102; 60=2022-03-25-12:43:56; 6=0; 14=0; 37=algo20220325124356; 10=200;
8=FIX4.4; 35=F; 34=83; 49=MTHREE; 56=MS; 52=2022-03-25-12:43:56; 41=algo20220325124356; 55=TMUS; 38=3102; 11=C_algo20220325124356; 60=2022-03-25-12:43:56; 10=060;
8=FIX4.4; 35=8; 34=110; 49=MS; 56=MTHREE; 52=2022-03-25-12:43:56; 55=TMUS; 11=C_algo20220325124356; 31=0; 150=6; 39=6; 54=1; 44=90.74; 17=exec20220325124356; 32=0; 41=algo20220325124356; 38=3102; 60=2022-03-25-12:43:56; 6=0.0; 14=0; 37=algo20220325124356; 10=252;
8=FIX4.4; 35=8; 34=111; 49=MS; 56=MTHREE; 52=2022-03-25-12:43:56; 151=2068; 55=TMUS; 11=C_algo20220325124356; 31=0; 150=4; 39=4; 54=1; 17=exec20220325124356; 32=0; 41=algo20220325124356; 38=3102; 60=2022-03-25-12:43:56; 6=0.0; 14=0; 37=algo20220325124356; 10=252;
8=FIX4.4; 35=D; 34=85; 49=MTHREE; 56=MS; 52=2022-03-25-12:43:58; 55=MDLZ; 40=2; 38=16416; 21=2; 11=algo20220325124358; 60=2022-03-25-12:43:58; 54=2; 44=52.26; 10=0252;
8=FIX4.4; 35=8; 34=113; 49=MS; 56=MTHREE; 52=2022-03-25-12:43:58; 55=MDLZ; 40=2; 11=algo20220325124358; 31=52.26; 150=0; 39=0; 54=2; 44=52.26; 32=0; 17=exec20220325124358; 38=16416; 60=2022-03-25-12:43:58; 6=0; 14=0; 37=algo20220325124358; 10=200;
8=FIX4.4; 35=8; 34=114; 49=MS; 56=MTHREE; 52=2022-03-25-12:43:59; 55=MDLZ; 40=2; 11=algo20220325124358; 31=52.26; 150=2; 39=2; 54=2; 44=52.26; 32=16416; 17=exec20220325124359; 38=16416; 60=2022-03-25-12:43:59; 6=52.26; 14=16416; 37=algo20220325124358; 10=246;
8=FIX4.4; 35=D; 34=86; 49=MTHREE; 56=MS; 52=2022-03-25-12:43:59; 55=BAC; 40=2; 38=27148; 21=2; 11=algo20220325124359; 60=2022-03-25-12:43:59; 54=2; 44=22.03; 10=0252;
8=FIX4.4; 35=8; 34=115; 49=MS; 56=MTHREE; 52=2022-03-25-12:43:59; 55=BAC; 40=2; 11=algo20220325124359; 31=22.03; 150=0; 39=0; 54=2; 44=22.03; 32=0; 17=exec20220325124359; 38=27148; 60=2022-03-25-12:43:59; 6=0; 14=0; 37=algo20220325124359; 10=200;
8=FIX4.4; 35=8; 34=116; 49=MS; 56=MTHREE; 52=2022-03-25-12:43:59; 55=BAC; 40=2; 11=algo20220325124359; 31=22.03; 150=1; 39=1; 54=2; 44=22.03; 32=13574; 17=exec20220325124359; 38=27148; 60=2022-03-25-12:43:59; 6=22.03; 14=13574; 37=algo20220325124359; 10=240;
8=FIX4.4; 35=8; 34=117; 49=MS; 56=MTHREE; 52=2022-03-25-12:44:01; 55=BAC; 40=2; 11=algo20220325124359; 31=22.03; 150=2; 39=2; 54=2; 44=22.03; 32=13574; 17=exec20220325124401; 38=27148; 60=2022-03-25-12:44:01; 6=22.03; 14=27148; 37=algo20220325124359; 10=246;
8=FIX4.4; 35=D; 34=87; 49=MTHREE; 56=MS; 52=2022-03-25-12:44:01; 55=DDD; 40=2; 38=24059; 21=2; 11=algo20220325124401; 60=2022-03-25-12:44:01; 54=1; 44=8.01; 10=0252;
8=FIX4.4; 35=8; 34=118; 49=MS; 56=MTHREE; 52=2022-03-25-12:44:01; 55=DDD; 40=2; 11=algo20220325124401; 31=8.01; 150=0; 39=0; 54=1; 44=8.01; 32=0; 17=exec20220325124401; 38=24059; 60=2022-03-25-12:44:01; 6=0; 14=0; 37=algo20220325124401; 10=200;
8=FIX4.4; 35=8; 34=119; 49=MS; 56=MTHREE; 52=2022-03-25-12:44:02; 55=DDD; 40=2; 11=algo20220325124401; 31=8.01; 150=2; 39=2; 54=1; 44=8.01; 32=24059; 17=exec20220325124402; 38=24059; 60=2022-03-25-12:44:02; 6=8.01; 14=24059; 37=algo20220325124401; 10=246;
8=FIX4.4; 35=D; 34=88; 49=MTHREE; 56=MS; 52=2022-03-25-12:44:02; 55=MMM; 40=2; 38=7572; 21=2; 11=algo20220325124402; 60=2022-03-25-12:44:02; 54=2; 44=146.98; 10=0252;
8=FIX4.4; 35=8; 34=120; 49=MS; 56=MTHREE; 52=2022-03-25-12:44:02; 55=MMM; 40=2; 11=algo20220325124402; 31=146.98; 150=0; 39=0; 54=2; 44=146.98; 32=0; 17=exec20220325124402; 38=7572; 60=2022-03-25-12:44:02; 6=0; 14=0; 37=algo20220325124402; 10=200;
8=FIX4.4; 35=8; 34=121; 49=MS; 56=MTHREE; 52=2022-03-25-12:44:02; 55=MMM; 40=2; 11=algo20220325124402; 31=146.98; 150=1; 39=1; 54=2; 44=146.98; 32=1893; 17=exec20220325124402; 38=7572; 60=2022-03-25-12:44:02; 6=146.98; 14=1893; 37=algo20220325124402; 10=240;
8=FIX4.4; 35=8; 34=122; 49=MS; 56=MTHREE; 52=2022-03-25-12:44:03; 55=MMM; 40=2; 11=algo20220325124402; 31=146.98; 150=1; 39=1; 54=2; 44=146.98; 32=1893; 17=exec20220325124403; 38=7572; 60=2022-03-25-12:44:03; 6=146.98; 14=3786; 37=algo20220325124402; 10=240;
8=FIX4.4; 35=8; 34=123; 49=MS; 56=MTHREE; 52=2022-03-25-12:44:04; 55=MMM; 40=2; 11=algo20220325124402; 31=146.98; 150=1; 39=1; 54=2; 44=146.98; 32=1893; 17=exec20220325124404; 38=7572; 60=2022-03-25-12:44:04; 6=146.98; 14=5679; 37=algo20220325124402; 10=240;
8=FIX4.4; 35=8; 34=124; 49=MS; 56=MTHREE; 52=2022-03-25-12:44:06; 55=MMM; 40=2; 11=algo20220325124402; 31=146.98; 150=2; 39=2; 54=2; 44=146.98; 32=1893; 17=exec20220325124406; 38=7572; 60=2022-03-25-12:44:06; 6=146.98; 14=7572; 37=algo20220325124402; 10=246;
8=FIX4.4; 35=D; 34=89; 49=MTHREE; 56=MS; 52=2022-03-25-12:44:06; 55=WBAI; 40=2; 38=18211; 21=2; 11=algo20220325124406; 60=2022-03-25-12:44:06; 54=1; 44=4.10; 10=0252;
8=FIX4.4; 35=8; 34=125; 49=MS; 56=MTHREE; 52=2022-03-25-12:44:06; 55=WBAI; 40=2; 11=algo20220325124406; 31=4.10; 150=0; 39=0; 54=1; 44=4.10; 32=0; 17=exec20220325124406; 38=18211; 60=2022-03-25-12:44:06; 6=0; 14=0; 37=algo20220325124406; 10=200;
8=FIX4.4; 35=F; 34=89; 49=MTHREE; 56=MS; 52=2022-03-25-12:44:06; 41=algo20220325124406; 55=WBAI; 38=18211; 11=C_algo20220325124406; 60=2022-03-25-12:44:06; 10=060;
8=FIX4.4; 35=8; 34=125; 49=MS; 56=MTHREE; 52=2022-03-25-12:44:06; 55=WBAI; 11=C_algo20220325124406; 31=0; 150=6; 39=6; 54=1; 44=4.10; 17=exec20220325124406; 32=0; 41=algo20220325124406; 38=18211; 60=2022-03-25-12:44:06; 6=0.0; 14=0; 37=algo20220325124406; 10=252;
8=FIX4.4; 35=8; 34=126; 49=MS; 56=MTHREE; 52=2022-03-25-12:44:06; 151=12141; 55=WBAI; 11=C_algo20220325124406; 31=0; 150=4; 39=4; 54=1; 17=exec20220325124406; 32=0; 41=algo20220325124406; 38=18211; 60=2022-03-25-12:44:06; 6=0.0; 14=0; 37=algo20220325124406; 10=252;
8=FIX4.4; 35=D; 34=91; 49=MTHREE; 56=MS; 52=2022-03-25-12:44:08; 55=WUBA; 40=2; 38=12826; 21=2; 11=algo20220325124408; 60=2022-03-25-12:44:08; 54=1; 44=51.41; 10=0252;
8=FIX4.4; 35=8; 34=128; 49=MS; 56=MTHREE; 52=2022-03-25-12:44:08; 55=WUBA; 40=2; 11=algo20220325124408; 31=51.41; 150=0; 39=0; 54=1; 44=51.41; 32=0; 17=exec20220325124408; 38=12826; 60=2022-03-25-12:44:08; 6=0; 14=0; 37=algo20220325124408; 10=200;
8=FIX4.4; 35=8; 34=129; 49=MS; 56=MTHREE; 52=2022-03-25-12:44:08; 55=WUBA; 40=2; 11=algo20220325124408; 31=51.41; 150=1; 39=1; 54=1; 44=51.41; 32=6413; 17=exec20220325124408; 38=12826; 60=2022-03-25-12:44:08; 6=51.41; 14=6413; 37=algo20220325124408; 10=240;
8=FIX4.4; 35=8; 34=130; 49=MS; 56=MTHREE; 52=2022-03-25-12:44:10; 55=WUBA; 40=2; 11=algo20220325124408; 31=51.41; 150=2; 39=2; 54=1; 44=51.41; 32=6413; 17=exec20220325124410; 38=12826; 60=2022-03-25-12:44:10; 6=51.41; 14=12826; 37=algo20220325124408; 10=246;
8=FIX4.4; 35=D; 34=92; 49=MTHREE; 56=MS; 52=2022-03-25-12:44:10; 55=EGHT; 40=2; 38=30102; 21=2; 11=algo20220325124410; 60=2022-03-25-12:44:10; 54=1; 44=17.03; 10=0252;
8=FIX4.4; 35=8; 34=131; 49=MS; 56=MTHREE; 52=2022-03-25-12:44:10; 55=EGHT; 40=2; 11=algo20220325124410; 31=17.03; 150=0; 39=0; 54=1; 44=17.03; 32=0; 17=exec20220325124410; 38=30102; 60=2022-03-25-12:44:10; 6=0; 14=0; 37=algo20220325124410; 10=200;
8=FIX4.4; 35=8; 34=132; 49=MS; 56=MTHREE; 52=2022-03-25-12:44:11; 55=EGHT; 40=2; 11=algo20220325124410; 31=17.03; 150=2; 39=2; 54=1; 44=17.03; 32=30102; 17=exec20220325124411; 38=30102; 60=2022-03-25-12:44:11; 6=17.03; 14=30102; 37=algo20220325124410; 10=246;
8=FIX4.4; 35=D; 34=93; 49=MTHREE; 56=MS; 52=2022-03-25-12:44:11; 55=AHC; 40=2; 38=10688; 21=2; 11=algo20220325124411; 60=2022-03-25-12:44:11; 54=2; 44=1.40; 10=0252;
8=FIX4.4; 35=8; 34=133; 49=MS; 56=MTHREE; 52=2022-03-25-12:44:11; 55=AHC; 40=2; 11=algo20220325124411; 31=1.40; 150=0; 39=0; 54=2; 44=1.40; 32=0; 17=exec20220325124411; 38=10688; 60=2022-03-25-12:44:11; 6=0; 14=0; 37=algo20220325124411; 10=200;
8=FIX4.4; 35=8; 34=134; 49=MS; 56=MTHREE; 52=2022-03-25-12:44:11; 55=AHC; 40=2; 11=algo20220325124411; 31=1.40; 150=1; 39=1; 54=2; 44=1.40; 32=2672; 17=exec20220325124411; 38=10688; 60=2022-03-25-12:44:11; 6=1.40; 14=2672; 37=algo20220325124411; 10=240;
8=FIX4.4; 35=F; 34=93; 49=MTHREE; 56=MS; 52=2022-03-25-12:44:12; 41=algo20220325124411; 55=AHC; 38=10688; 11=C_algo20220325124411; 60=2022-03-25-12:44:12; 10=060;
8=FIX4.4; 35=8; 34=134; 49=MS; 56=MTHREE; 52=2022-03-25-12:44:12; 55=AHC; 11=C_algo20220325124411; 31=0; 150=6; 39=6; 54=2; 44=1.40; 17=exec20220325124412; 32=0; 41=algo20220325124411; 38=10688; 60=2022-03-25-12:44:12; 6=0.0; 14=2672; 37=algo20220325124411; 10=252;
8=FIX4.4; 35=8; 34=135; 49=MS; 56=MTHREE; 52=2022-03-25-12:44:12; 151=5344; 55=AHC; 11=C_algo20220325124411; 31=0; 150=4; 39=4; 54=2; 17=exec20220325124412; 32=0; 41=algo20220325124411; 38=10688; 60=2022-03-25-12:44:12; 6=0.0; 14=2672; 37=algo20220325124411; 10=252;
8=FIX4.4; 35=D; 34=95; 49=MTHREE; 56=MS; 52=2022-03-25-12:44:14; 55=AOS; 40=2; 38=24159; 21=2; 11=algo20220325124414; 60=2022-03-25-12:44:14; 54=1; 44=40.38; 10=0252;
8=FIX4.4; 35=8; 34=137; 49=MS; 56=MTHREE; 52=2022-03-25-12:44:14; 55=AOS; 40=2; 11=algo20220325124414; 31=40.38; 150=0; 39=0; 54=1; 44=40.38; 32=0; 17=exec20220325124414; 38=24159; 60=2022-03-25-12:44:14; 6=0; 14=0; 37=algo20220325124414; 10=200;
8=FIX4.4; 35=F; 34=95; 49=MTHREE; 56=MS; 52=2022-03-25-12:44:14; 41=algo20220325124414; 55=AOS; 38=24159; 11=C_algo20220325124414; 60=2022-03-25-12:44:14; 10=060;
8=FIX4.4; 35=8; 34=137; 49=MS; 56=MTHREE; 52=2022-03-25-12:44:14; 55=AOS; 11=C_algo20220325124414; 31=0; 150=6; 39=6; 54=1; 44=40.38; 17=exec20220325124414; 32=0; 41=algo20220325124414; 38=24159; 60=2022-03-25-12:44:14; 6=0.0; 14=0; 37=algo20220325124414; 10=252;
8=FIX4.4; 35=8; 34=138; 49=MS; 56=MTHREE; 52=2022-03-25-12:44:14; 151=18120; 55=AOS; 11=C_algo20220325124414; 31=0; 150=4; 39=4; 54=1; 17=exec20220325124414; 32=0; 41=algo20220325124414; 38=24159; 60=2022-03-25-12:44:14; 6=0.0; 14=0; 37=algo20220325124414; 10=252;
8=FIX4.4; 35=D; 34=97; 49=MTHREE; 56=MS; 52=2022-03-25-12:44:16; 55=ATEN; 40=2; 38=13856; 21=2; 11=algo20220325124416; 60=2022-03-25-12:44:16; 54=2; 44=6.45; 10=0252;
8=FIX4.4; 35=8; 34=140; 49=MS; 56=MTHREE; 52=2022-03-25-12:44:16; 55=ATEN; 40=2; 11=algo20220325124416; 31=6.45; 150=0; 39=0; 54=2; 44=6.45; 32=0; 17=exec20220325124416; 38=13856; 60=2022-03-25-12:44:16; 6=0; 14=0; 37=algo20220325124416; 10=200;
8=FIX4.4; 35=F; 34=97; 49=MTHREE; 56=MS; 52=2022-03-25-12:44:16; 41=algo20220325124416; 55=ATEN; 38=13856; 11=C_algo20220325124416; 60=2022-03-25-12:44:16; 10=060;
8=FIX4.4; 35=8; 34=140; 49=MS; 56=MTHREE; 52=2022-03-25-12:44:16; 55=ATEN; 11=C_algo20220325124416; 31=0; 150=6; 39=6; 54=2; 44=6.45; 17=exec20220325124416; 32=0; 41=algo20220325124416; 38=13856; 60=2022-03-25-12:44:16; 6=0.0; 14=0; 37=algo20220325124416; 10=252;
8=FIX4.4; 35=8; 34=141; 49=MS; 56=MTHREE; 52=2022-03-25-12:44:16; 151=10392; 55=ATEN; 11=C_algo20220325124416; 31=0; 150=4; 39=4; 54=2; 17=exec20220325124416; 32=0; 41=algo20220325124416; 38=13856; 60=2022-03-25-12:44:16; 6=0.0; 14=0; 37=algo20220325124416; 10=252;
8=FIX4.4; 35=D; 34=99; 49=MTHREE; 56=MS; 52=2022-03-25-12:44:18; 55=AIR; 40=2; 38=23650; 21=2; 11=algo20220325124418; 60=2022-03-25-12:44:18; 54=1; 44=16.31; 10=0252;
8=FIX4.4; 35=8; 34=143; 49=MS; 56=MTHREE; 52=2022-03-25-12:44:18; 55=AIR; 40=2; 11=algo20220325124418; 31=16.31; 150=0; 39=0; 54=1; 44=16.31; 32=0; 17=exec20220325124418; 38=23650; 60=2022-03-25-12:44:18; 6=0; 14=0; 37=algo20220325124418; 10=200;
8=FIX4.4; 35=8; 34=144; 49=MS; 56=MTHREE; 52=2022-03-25-12:44:18; 55=AIR; 40=2; 11=algo20220325124418; 31=16.31; 150=1; 39=1; 54=1; 44=16.31; 32=7883; 17=exec20220325124418; 38=23650; 60=2022-03-25-12:44:18; 6=16.31; 14=7883; 37=algo20220325124418; 10=240;
8=FIX4.4; 35=8; 34=145; 49=MS; 56=MTHREE; 52=2022-03-25-12:44:19; 55=AIR; 40=2; 11=algo20220325124418; 31=16.31; 150=1; 39=1; 54=1; 44=16.31; 32=7883; 17=exec20220325124419; 38=23650; 60=2022-03-25-12:44:19; 6=16.31; 14=15766; 37=algo20220325124418; 10=240;
8=FIX4.4; 35=8; 34=146; 49=MS; 56=MTHREE; 52=2022-03-25-12:44:21; 55=AIR; 40=2; 11=algo20220325124418; 31=16.31; 150=2; 39=2; 54=1; 44=16.31; 32=7884; 17=exec20220325124421; 38=23650; 60=2022-03-25-12:44:21; 6=16.31; 14=23650; 37=algo20220325124418; 10=246;
8=FIX4.4; 35=D; 34=100; 49=MTHREE; 56=MS; 52=2022-03-25-12:44:21; 55=AAN; 40=2; 38=6707; 21=2; 11=algo20220325124421; 60=2022-03-25-12:44:21; 54=1; 44=25.68; 10=0252;
8=FIX4.4; 35=8; 34=147; 49=MS; 56=MTHREE; 52=2022-03-25-12:44:21; 55=AAN; 40=2; 11=algo20220325124421; 31=25.68; 150=0; 39=0; 54=1; 44=25.68; 32=0; 17=exec20220325124421; 38=6707; 60=2022-03-25-12:44:21; 6=0; 14=0; 37=algo20220325124421; 10=200;
8=FIX4.4; 35=F; 34=100; 49=MTHREE; 56=MS; 52=2022-03-25-12:44:21; 41=algo20220325124421; 55=AAN; 38=6707; 11=C_algo20220325124421; 60=2022-03-25-12:44:21; 10=060;
8=FIX4.4; 35=8; 34=147; 49=MS; 56=MTHREE; 52=2022-03-25-12:44:21; 55=AAN; 11=C_algo20220325124421; 31=0; 150=6; 39=6; 54=1; 44=25.68; 17=exec20220325124421; 32=0; 41=algo20220325124421; 38=6707; 60=2022-03-25-12:44:21; 6=0.0; 14=0; 37=algo20220325124421; 10=252;
8=FIX4.4; 35=8; 34=148; 49=MS; 56=MTHREE; 52=2022-03-25-12:44:21; 151=4472; 55=AAN; 11=C_algo20220325124421; 31=0; 150=4; 39=4; 54=1; 17=exec20220325124421; 32=0; 41=algo20220325124421; 38=6707; 60=2022-03-25-12:44:21; 6=0.0; 14=0; 37=algo20220325124421; 10=252;
8=FIX4.4; 35=D; 34=102; 49=MTHREE; 56=MS; 52=2022-03-25-12:44:23; 55=ABB; 40=2; 38=29637; 21=2; 11=algo20220325124423; 60=2022-03-25-12:44:23; 54=2; 44=17.42; 10=0252;
8=FIX4.4; 35=8; 34=150; 49=MS; 56=MTHREE; 52=2022-03-25-12:44:23; 55=ABB; 40=2; 11=algo20220325124423; 31=17.42; 150=0; 39=0; 54=2; 44=17.42; 32=0; 17=exec20220325124423; 38=29637; 60=2022-03-25-12:44:23; 6=0; 14=0; 37=algo20220325124423; 10=200;
8=FIX4.4; 35=F; 34=102; 49=MTHREE; 56=MS; 52=2022-03-25-12:44:23; 41=algo20220325124423; 55=ABB; 38=29637; 11=C_algo20220325124423; 60=2022-03-25-12:44:23; 10=060;
8=FIX4.4; 35=8; 34=150; 49=MS; 56=MTHREE; 52=2022-03-25-12:44:23; 55=ABB; 11=C_algo20220325124423; 31=0; 150=6; 39=6; 54=2; 44=17.42; 17=exec20220325124423; 32=0; 41=algo20220325124423; 38=29637; 60=2022-03-25-12:44:23; 6=0.0; 14=0; 37=algo20220325124423; 10=252;
8=FIX4.4; 35=8; 34=151; 49=MS; 56=MTHREE; 52=2022-03-25-12:44:23; 151=23710; 55=ABB; 11=C_algo20220325124423; 31=0; 150=4; 39=4; 54=2; 17=exec20220325124423; 32=0; 41=algo20220325124423; 38=29637; 60=2022-03-25-12:44:23; 6=0.0; 14=0; 37=algo20220325124423; 10=252;
8=FIX4.4; 35=D; 34=104; 49=MTHREE; 56=MS; 52=2022-03-25-12:44:25; 55=ABT; 40=2; 38=3177; 21=2; 11=algo20220325124425; 60=2022-03-25-12:44:25; 54=2; 44=94.04; 10=0252;
8=FIX4.4; 35=8; 34=153; 49=MS; 56=MTHREE; 52=2022-03-25-12:44:25; 55=ABT; 40=2; 11=algo20220325124425; 31=94.04; 150=0; 39=0; 54=2; 44=94.04; 32=0; 17=exec20220325124425; 38=3177; 60=2022-03-25-12:44:25; 6=0; 14=0; 37=algo20220325124425; 10=200;
8=FIX4.4; 35=F; 34=104; 49=MTHREE; 56=MS; 52=2022-03-25-12:44:25; 41=algo20220325124425; 55=ABT; 38=3177; 11=C_algo20220325124425; 60=2022-03-25-12:44:25; 10=060;
8=FIX4.4; 35=8; 34=153; 49=MS; 56=MTHREE; 52=2022-03-25-12:44:25; 55=ABT; 11=C_algo20220325124425; 31=0; 150=6; 39=6; 54=2; 44=94.04; 17=exec20220325124425; 32=0; 41=algo20220325124425; 38=3177; 60=2022-03-25-12:44:25; 6=0.0; 14=0; 37=algo20220325124425; 10=252;
8=FIX4.4; 35=8; 34=154; 49=MS; 56=MTHREE; 52=2022-03-25-12:44:25; 151=1589; 55=ABT; 11=C_algo20220325124425; 31=0; 150=4; 39=4; 54=2; 17=exec20220325124425; 32=0; 41=algo20220325124425; 38=3177; 60=2022-03-25-12:44:25; 6=0.0; 14=0; 37=algo20220325124425; 10=252;
8=FIX4.4; 35=D; 34=106; 49=MTHREE; 56=MS; 52=2022-03-25-12:44:27; 55=ABBV; 40=2; 38=7482; 21=2; 11=algo20220325124427; 60=2022-03-25-12:44:27; 54=1; 44=83.60; 10=0252;
8=FIX4.4; 35=8; 34=156; 49=MS; 56=MTHREE; 52=2022-03-25-12:44:27; 55=ABBV; 40=2; 11=algo20220325124427; 31=83.60; 150=0; 39=0; 54=1; 44=83.60; 32=0; 17=exec20220325124427; 38=7482; 60=2022-03-25-12:44:27; 6=0; 14=0; 37=algo20220325124427; 10=200;
8=FIX4.4; 35=8; 34=157; 49=MS; 56=MTHREE; 52=2022-03-25-12:44:27; 55=ABBV; 40=2; 11=algo20220325124427; 31=83.60; 150=1; 39=1; 54=1; 44=83.60; 32=1496; 17=exec20220325124427; 38=7482; 60=2022-03-25-12:44:27; 6=83.60; 14=1496; 37=algo20220325124427; 10=240;
8=FIX4.4; 35=8; 34=158; 49=MS; 56=MTHREE; 52=2022-03-25-12:44:28; 55=ABBV; 40=2; 11=algo20220325124427; 31=83.60; 150=1; 39=1; 54=1; 44=83.60; 32=1496; 17=exec20220325124428; 38=7482; 60=2022-03-25-12:44:28; 6=83.60; 14=2992; 37=algo20220325124427; 10=240;
8=FIX4.4; 35=F; 34=106; 49=MTHREE; 56=MS; 52=2022-03-25-12:44:29; 41=algo20220325124427; 55=ABBV; 38=7482; 11=C_algo20220325124427; 60=2022-03-25-12:44:29; 10=060;
8=FIX4.4; 35=8; 34=158; 49=MS; 56=MTHREE; 52=2022-03-25-12:44:29; 55=ABBV; 11=C_algo20220325124427; 31=0; 150=6; 39=6; 54=1; 44=83.60; 17=exec20220325124429; 32=0; 41=algo20220325124427; 38=7482; 60=2022-03-25-12:44:29; 6=0.0; 14=2992; 37=algo20220325124427; 10=252;
8=FIX4.4; 35=8; 34=159; 49=MS; 56=MTHREE; 52=2022-03-25-12:44:29; 151=2994; 55=ABBV; 11=C_algo20220325124427; 31=0; 150=4; 39=4; 54=1; 17=exec20220325124429; 32=0; 41=algo20220325124427; 38=7482; 60=2022-03-25-12:44:29; 6=0.0; 14=2992; 37=algo20220325124427; 10=252;
8=FIX4.4; 35=D; 34=108; 49=MTHREE; 56=MS; 52=2022-03-25-12:44:31; 55=ANF; 40=2; 38=26502; 21=2; 11=algo20220325124431; 60=2022-03-25-12:44:31; 54=1; 44=9.10; 10=0252;
8=FIX4.4; 35=8; 34=161; 49=MS; 56=MTHREE; 52=2022-03-25-12:44:31; 55=ANF; 40=2; 11=algo20220325124431; 31=9.10; 150=0; 39=0; 54=1; 44=9.10; 32=0; 17=exec20220325124431; 38=26502; 60=2022-03-25-12:44:31; 6=0; 14=0; 37=algo20220325124431; 10=200;
8=FIX4.4; 35=F; 34=108; 49=MTHREE; 56=MS; 52=2022-03-25-12:44:31; 41=algo20220325124431; 55=ANF; 38=26502; 11=C_algo20220325124431; 60=2022-03-25-12:44:31; 10=060;
8=FIX4.4; 35=8; 34=161; 49=MS; 56=MTHREE; 52=2022-03-25-12:44:31; 55=ANF; 11=C_algo20220325124431; 31=0; 150=6; 39=6; 54=1; 44=9.10; 17=exec20220325124431; 32=0; 41=algo20220325124431; 38=26502; 60=2022-03-25-12:44:31; 6=0.0; 14=0; 37=algo20220325124431; 10=252;
8=FIX4.4; 35=8; 34=162; 49=MS; 56=MTHREE; 52=2022-03-25-12:44:31; 151=13251; 55=ANF; 11=C_algo20220325124431; 31=0; 150=4; 39=4; 54=1; 17=exec20220325124431; 32=0; 41=algo20220325124431; 38=26502; 60=2022-03-25-12:44:31; 6=0.0; 14=0; 37=algo20220325124431; 10=252;
8=FIX4.4; 35=D; 34=110; 49=MTHREE; 56=MS; 52=2022-03-25-12:44:33; 55=ABM; 40=2; 38=9318; 21=2; 11=algo20220325124433; 60=2022-03-25-12:44:33; 54=2; 44=31.64; 10=0252;
8=FIX4.4; 35=8; 34=164; 49=MS; 56=MTHREE; 52=2022-03-25-12:44:33; 55=ABM; 40=2; 11=algo20220325124433; 31=31.64; 150=0; 39=0; 54=2; 44=31.64; 32=0; 17=exec20220325124433; 38=9318; 60=2022-03-25-12:44:33; 6=0; 14=0; 37=algo20220325124433; 10=200;
8=FIX4.4; 35=8; 34=165; 49=MS; 56=MTHREE; 52=2022-03-25-12:44:33; 55=ABM; 40=2; 11=algo20220325124433; 31=31.64; 150=1; 39=1; 54=2; 44=31.64; 32=1863; 17=exec20220325124433; 38=9318; 60=2022-03-25-12:44:33; 6=31.64; 14=1863; 37=algo20220325124433; 10=240;
8=FIX4.4; 35=8; 34=166; 49=MS; 56=MTHREE; 52=2022-03-25-12:44:34; 55=ABM; 40=2; 11=algo20220325124433; 31=31.64; 150=1; 39=1; 54=2; 44=31.64; 32=1863; 17=exec20220325124434; 38=9318; 60=2022-03-25-12:44:34; 6=31.64; 14=3726; 37=algo20220325124433; 10=240;
8=FIX4.4; 35=8; 34=167; 49=MS; 56=MTHREE; 52=2022-03-25-12:44:35; 55=ABM; 40=2; 11=algo20220325124433; 31=31.64; 150=1; 39=1; 54=2; 44=31.64; 32=1863; 17=exec20220325124435; 38=9318; 60=2022-03-25-12:44:35; 6=31.64; 14=5589; 37=algo20220325124433; 10=240;
8=FIX4.4; 35=F; 34=110; 49=MTHREE; 56=MS; 52=2022-03-25-12:44:36; 41=algo20220325124433; 55=ABM; 38=9318; 11=C_algo20220325124433; 60=2022-03-25-12:44:36; 10=060;
8=FIX4.4; 35=8; 34=167; 49=MS; 56=MTHREE; 52=2022-03-25-12:44:36; 55=ABM; 11=C_algo20220325124433; 31=0; 150=6; 39=6; 54=2; 44=31.64; 17=exec20220325124436; 32=0; 41=algo20220325124433; 38=9318; 60=2022-03-25-12:44:36; 6=0.0; 14=5589; 37=algo20220325124433; 10=252;
8=FIX4.4; 35=8; 34=168; 49=MS; 56=MTHREE; 52=2022-03-25-12:44:36; 151=1866; 55=ABM; 11=C_algo20220325124433; 31=0; 150=4; 39=4; 54=2; 17=exec20220325124436; 32=0; 41=algo20220325124433; 38=9318; 60=2022-03-25-12:44:36; 6=0.0; 14=5589; 37=algo20220325124433; 10=252;
8=FIX4.4; 35=D; 34=112; 49=MTHREE; 56=MS; 52=2022-03-25-12:44:38; 55=AAPL; 40=2; 38=20529; 21=2; 11=algo20220325124438; 60=2022-03-25-12:44:38; 54=2; 44=284.65; 10=0252;
8=FIX4.4; 35=8; 34=170; 49=MS; 56=MTHREE; 52=2022-03-25-12:44:38; 55=AAPL; 40=2; 11=algo20220325124438; 31=284.65; 150=0; 39=0; 54=2; 44=284.65; 32=0; 17=exec20220325124438; 38=20529; 60=2022-03-25-12:44:38; 6=0; 14=0; 37=algo20220325124438; 10=200;
8=FIX4.4; 35=8; 34=171; 49=MS; 56=MTHREE; 52=2022-03-25-12:44:38; 55=AAPL; 40=2; 11=algo20220325124438; 31=284.65; 150=1; 39=1; 54=2; 44=284.65; 32=10264; 17=exec20220325124438; 38=20529; 60=2022-03-25-12:44:38; 6=284.65; 14=10264; 37=algo20220325124438; 10=240;
8=FIX4.4; 35=8; 34=172; 49=MS; 56=MTHREE; 52=2022-03-25-12:44:40; 55=AAPL; 40=2; 11=algo20220325124438; 31=284.65; 150=2; 39=2; 54=2; 44=284.65; 32=10265; 17=exec20220325124440; 38=20529; 60=2022-03-25-12:44:40; 6=284.65; 14=20529; 37=algo20220325124438; 10=246;
8=FIX4.4; 35=D; 34=113; 49=MTHREE; 56=MS; 52=2022-03-25-12:44:40; 55=PEP; 40=2; 38=31389; 21=2; 11=algo20220325124440; 60=2022-03-25-12:44:40; 54=1; 44=45.43; 10=0252;
8=FIX4.4; 35=8; 34=173; 49=MS; 56=MTHREE; 52=2022-03-25-12:44:40; 55=PEP; 40=2; 11=algo20220325124440; 31=45.43; 150=0; 39=0; 54=1; 44=45.43; 32=0; 17=exec20220325124440; 38=31389; 60=2022-03-25-12:44:40; 6=0; 14=0; 37=algo20220325124440; 10=200;
8=FIX4.4; 35=8; 34=174; 49=MS; 56=MTHREE; 52=2022-03-25-12:44:41; 55=PEP; 40=2; 11=algo20220325124440; 31=45.43; 150=2; 39=2; 54=1; 44=45.43; 32=31389; 17=exec20220325124441; 38=31389; 60=2022-03-25-12:44:41; 6=45.43; 14=31389; 37=algo20220325124440; 10=246;
8=FIX4.4; 35=D; 34=114; 49=MTHREE; 56=MS; 52=2022-03-25-12:44:41; 55=; 40=2; 38=12556; 21=2; 11=algo20220325124441; 60=2022-03-25-12:44:41; 54=2; 44=; 10=0252;
8=FIX4.4; 35=8; 34=175; 49=MS; 56=MTHREE; 52=2022-03-25-12:44:41; 55=; 40=2; 11=algo20220325124441; 31=; 150=0; 39=0; 54=2; 44=; 32=0; 17=exec20220325124441; 38=12556; 60=2022-03-25-12:44:41; 6=0; 14=0; 37=algo20220325124441; 10=200;
8=FIX4.4; 35=F; 34=114; 49=MTHREE; 56=MS; 52=2022-03-25-12:44:41; 41=algo20220325124441; 55=; 38=12556; 11=C_algo20220325124441; 60=2022-03-25-12:44:41; 10=060;
8=FIX4.4; 35=8; 34=175; 49=MS; 56=MTHREE; 52=2022-03-25-12:44:41; 55=; 11=C_algo20220325124441; 31=0; 150=6; 39=6; 54=2; 44=; 17=exec20220325124441; 32=0; 41=algo20220325124441; 38=12556; 60=2022-03-25-12:44:41; 6=0.0; 14=0; 37=algo20220325124441; 10=252;
8=FIX4.4; 35=8; 34=176; 49=MS; 56=MTHREE; 52=2022-03-25-12:44:41; 151=9417; 55=; 11=C_algo20220325124441; 31=0; 150=4; 39=4; 54=2; 17=exec20220325124441; 32=0; 41=algo20220325124441; 38=12556; 60=2022-03-25-12:44:41; 6=0.0; 14=0; 37=algo20220325124441; 10=252;
