8=FIX4.4; 35=A; 34=1; 49=MTHREE; 56=MS; 52=2022-03-22-18:46:28; 108=30; 10=0015;
8=FIX4.4; 35=A; 34=1; 49=MS; 56=MTHREE; 52=2022-03-22-18:46:28; 108=30; 10=0016;
8=FIX4.4; 35=0; 34=2; 49=MTHREE; 56=MS; 52=2022-03-22-18:46:28; 108=30; 10=0015;
8=FIX4.4; 35=0; 34=2; 49=MS; 56=MTHREE; 52=2022-03-22-18:46:28; 108=30; 10=0015;
8=FIX4.4; 35=0; 34=3; 49=MTHREE; 56=MS; 52=2022-03-22-18:46:30; 108=30; 10=0015;
8=FIX4.4; 35=0; 34=3; 49=MS; 56=MTHREE; 52=2022-03-22-18:46:30; 108=30; 10=0015;
8=FIX4.4; 35=0; 34=4; 49=MTHREE; 56=MS; 52=2022-03-22-18:46:32; 108=30; 10=0015;
8=FIX4.4; 35=0; 34=4; 49=MS; 56=MTHREE; 52=2022-03-22-18:46:32; 108=30; 10=0015;
8=FIX4.4; 35=0; 34=5; 49=MTHREE; 56=MS; 52=2022-03-22-18:46:34; 108=30; 10=0015;
8=FIX4.4; 35=0; 34=5; 49=MS; 56=MTHREE; 52=2022-03-22-18:46:34; 108=30; 10=0015;
8=FIX4.4; 35=0; 34=6; 49=MTHREE; 56=MS; 52=2022-03-22-18:46:36; 108=30; 10=0015;
8=FIX4.4; 35=0; 34=6; 49=MS; 56=MTHREE; 52=2022-03-22-18:46:36; 108=30; 10=0015;
8=FIX4.4; 35=0; 34=7; 49=MTHREE; 56=MS; 52=2022-03-22-18:46:38; 108=30; 10=0015;
8=FIX4.4; 35=0; 34=7; 49=MS; 56=MTHREE; 52=2022-03-22-18:46:38; 108=30; 10=0015;
8=FIX4.4; 35=0; 34=8; 49=MTHREE; 56=MS; 52=2022-03-22-18:46:40; 108=30; 10=0015;
8=FIX4.4; 35=0; 34=8; 49=MS; 56=MTHREE; 52=2022-03-22-18:46:40; 108=30; 10=0015;
8=FIX4.4; 35=0; 34=9; 49=MTHREE; 56=MS; 52=2022-03-22-18:46:42; 108=30; 10=0015;
8=FIX4.4; 35=0; 34=9; 49=MS; 56=MTHREE; 52=2022-03-22-18:46:42; 108=30; 10=0015;
8=FIX4.4; 35=0; 34=10; 49=MTHREE; 56=MS; 52=2022-03-22-18:46:44; 108=30; 10=0015;
8=FIX4.4; 35=0; 34=10; 49=MS; 56=MTHREE; 52=2022-03-22-18:46:44; 108=30; 10=0015;
8=FIX4.4; 35=0; 34=11; 49=MTHREE; 56=MS; 52=2022-03-22-18:46:46; 108=30; 10=0015;
8=FIX4.4; 35=0; 34=11; 49=MS; 56=MTHREE; 52=2022-03-22-18:46:46; 108=30; 10=0015;
8=FIX4.4; 35=0; 34=12; 49=MTHREE; 56=MS; 52=2022-03-22-18:46:48; 108=30; 10=0015;
8=FIX4.4; 35=0; 34=12; 49=MS; 56=MTHREE; 52=2022-03-22-18:46:48; 108=30; 10=0015;
8=FIX4.4; 35=0; 34=13; 49=MTHREE; 56=MS; 52=2022-03-22-18:46:50; 108=30; 10=0015;
8=FIX4.4; 35=0; 34=13; 49=MS; 56=MTHREE; 52=2022-03-22-18:46:50; 108=30; 10=0015;
8=FIX4.4; 35=0; 34=14; 49=MTHREE; 56=MS; 52=2022-03-22-18:46:52; 108=30; 10=0015;
8=FIX4.4; 35=0; 34=14; 49=MS; 56=MTHREE; 52=2022-03-22-18:46:52; 108=30; 10=0015;
8=FIX4.4; 35=0; 34=15; 49=MTHREE; 56=MS; 52=2022-03-22-18:46:54; 108=30; 10=0015;
8=FIX4.4; 35=0; 34=15; 49=MS; 56=MTHREE; 52=2022-03-22-18:46:54; 108=30; 10=0015;
8=FIX4.4; 35=0; 34=16; 49=MTHREE; 56=MS; 52=2022-03-22-18:46:56; 108=30; 10=0015;
8=FIX4.4; 35=0; 34=16; 49=MS; 56=MTHREE; 52=2022-03-22-18:46:56; 108=30; 10=0015;
8=FIX4.4; 35=0; 34=17; 49=MTHREE; 56=MS; 52=2022-03-22-18:46:59; 108=30; 10=0015;
8=FIX4.4; 35=0; 34=17; 49=MS; 56=MTHREE; 52=2022-03-22-18:46:59; 108=30; 10=0015;
8=FIX4.4; 35=0; 34=18; 49=MTHREE; 56=MS; 52=2022-03-22-18:47:01; 108=30; 10=0015;
8=FIX4.4; 35=0; 34=18; 49=MS; 56=MTHREE; 52=2022-03-22-18:47:01; 108=30; 10=0015;
8=FIX4.4; 35=0; 34=19; 49=MTHREE; 56=MS; 52=2022-03-22-18:47:03; 108=30; 10=0015;
8=FIX4.4; 35=0; 34=19; 49=MS; 56=MTHREE; 52=2022-03-22-18:47:03; 108=30; 10=0015;
8=FIX4.4; 35=0; 34=20; 49=MTHREE; 56=MS; 52=2022-03-22-18:47:05; 108=30; 10=0015;
8=FIX4.4; 35=0; 34=20; 49=MS; 56=MTHREE; 52=2022-03-22-18:47:05; 108=30; 10=0015;
8=FIX4.4; 35=0; 34=21; 49=MTHREE; 56=MS; 52=2022-03-22-18:47:07; 108=30; 10=0015;
8=FIX4.4; 35=0; 34=21; 49=MS; 56=MTHREE; 52=2022-03-22-18:47:07; 108=30; 10=0015;
8=FIX4.4; 35=0; 34=22; 49=MTHREE; 56=MS; 52=2022-03-22-18:47:09; 108=30; 10=0015;
8=FIX4.4; 35=0; 34=22; 49=MS; 56=MTHREE; 52=2022-03-22-18:47:09; 108=30; 10=0015;
8=FIX4.4; 35=0; 34=23; 49=MTHREE; 56=MS; 52=2022-03-22-18:47:11; 108=30; 10=0015;
8=FIX4.4; 35=0; 34=23; 49=MS; 56=MTHREE; 52=2022-03-22-18:47:11; 108=30; 10=0015;
8=FIX4.4; 35=0; 34=24; 49=MTHREE; 56=MS; 52=2022-03-22-18:47:13; 108=30; 10=0015;
8=FIX4.4; 35=0; 34=24; 49=MS; 56=MTHREE; 52=2022-03-22-18:47:13; 108=30; 10=0015;
8=FIX4.4; 35=0; 34=25; 49=MTHREE; 56=MS; 52=2022-03-22-18:47:15; 108=30; 10=0015;
8=FIX4.4; 35=0; 34=25; 49=MS; 56=MTHREE; 52=2022-03-22-18:47:15; 108=30; 10=0015;
8=FIX4.4; 35=0; 34=26; 49=MTHREE; 56=MS; 52=2022-03-22-18:47:17; 108=30; 10=0015;
8=FIX4.4; 35=0; 34=26; 49=MS; 56=MTHREE; 52=2022-03-22-18:47:17; 108=30; 10=0015;
8=FIX4.4; 35=0; 34=27; 49=MTHREE; 56=MS; 52=2022-03-22-18:47:19; 108=30; 10=0015;
8=FIX4.4; 35=0; 34=27; 49=MS; 56=MTHREE; 52=2022-03-22-18:47:19; 108=30; 10=0015;
8=FIX4.4; 35=0; 34=28; 49=MTHREE; 56=MS; 52=2022-03-22-18:47:21; 108=30; 10=0015;
8=FIX4.4; 35=0; 34=28; 49=MS; 56=MTHREE; 52=2022-03-22-18:47:21; 108=30; 10=0015;
8=FIX4.4; 35=0; 34=29; 49=MTHREE; 56=MS; 52=2022-03-22-18:47:23; 108=30; 10=0015;
8=FIX4.4; 35=0; 34=29; 49=MS; 56=MTHREE; 52=2022-03-22-18:47:23; 108=30; 10=0015;
8=FIX4.4; 35=0; 34=30; 49=MTHREE; 56=MS; 52=2022-03-22-18:47:25; 108=30; 10=0015;
8=FIX4.4; 35=0; 34=30; 49=MS; 56=MTHREE; 52=2022-03-22-18:47:25; 108=30; 10=0015;
8=FIX4.4; 35=0; 34=31; 49=MTHREE; 56=MS; 52=2022-03-22-18:47:27; 108=30; 10=0015;
8=FIX4.4; 35=0; 34=31; 49=MS; 56=MTHREE; 52=2022-03-22-18:47:27; 108=30; 10=0015;
8=FIX4.4; 35=0; 34=32; 49=MTHREE; 56=MS; 52=2022-03-22-18:47:29; 108=30; 10=0015;
8=FIX4.4; 35=0; 34=32; 49=MS; 56=MTHREE; 52=2022-03-22-18:47:29; 108=30; 10=0015;
8=FIX4.4; 35=0; 34=33; 49=MTHREE; 56=MS; 52=2022-03-22-18:47:31; 108=30; 10=0015;
8=FIX4.4; 35=0; 34=33; 49=MS; 56=MTHREE; 52=2022-03-22-18:47:31; 108=30; 10=0015;
8=FIX4.4; 35=0; 34=34; 49=MTHREE; 56=MS; 52=2022-03-22-18:47:33; 108=30; 10=0015;
8=FIX4.4; 35=0; 34=34; 49=MS; 56=MTHREE; 52=2022-03-22-18:47:33; 108=30; 10=0015;
8=FIX4.4; 35=0; 34=35; 49=MTHREE; 56=MS; 52=2022-03-22-18:47:35; 108=30; 10=0015;
8=FIX4.4; 35=0; 34=35; 49=MS; 56=MTHREE; 52=2022-03-22-18:47:35; 108=30; 10=0015;
8=FIX4.4; 35=0; 34=36; 49=MTHREE; 56=MS; 52=2022-03-22-18:47:37; 108=30; 10=0015;
8=FIX4.4; 35=0; 34=36; 49=MS; 56=MTHREE; 52=2022-03-22-18:47:37; 108=30; 10=0015;
8=FIX4.4; 35=0; 34=37; 49=MTHREE; 56=MS; 52=2022-03-22-18:47:39; 108=30; 10=0015;
8=FIX4.4; 35=0; 34=37; 49=MS; 56=MTHREE; 52=2022-03-22-18:47:39; 108=30; 10=0015;
8=FIX4.4; 35=0; 34=38; 49=MTHREE; 56=MS; 52=2022-03-22-18:47:41; 108=30; 10=0015;
8=FIX4.4; 35=0; 34=38; 49=MS; 56=MTHREE; 52=2022-03-22-18:47:41; 108=30; 10=0015;
8=FIX4.4; 35=0; 34=39; 49=MTHREE; 56=MS; 52=2022-03-22-18:47:43; 108=30; 10=0015;
8=FIX4.4; 35=0; 34=39; 49=MS; 56=MTHREE; 52=2022-03-22-18:47:43; 108=30; 10=0015;
8=FIX4.4; 35=0; 34=40; 49=MTHREE; 56=MS; 52=2022-03-22-18:47:45; 108=30; 10=0015;
8=FIX4.4; 35=0; 34=40; 49=MS; 56=MTHREE; 52=2022-03-22-18:47:45; 108=30; 10=0015;
8=FIX4.4; 35=0; 34=41; 49=MTHREE; 56=MS; 52=2022-03-22-18:47:48; 108=30; 10=0015;
8=FIX4.4; 35=0; 34=41; 49=MS; 56=MTHREE; 52=2022-03-22-18:47:48; 108=30; 10=0015;
8=FIX4.4; 35=0; 34=42; 49=MTHREE; 56=MS; 52=2022-03-22-18:47:50; 108=30; 10=0015;
8=FIX4.4; 35=0; 34=42; 49=MS; 56=MTHREE; 52=2022-03-22-18:47:50; 108=30; 10=0015;
8=FIX4.4; 35=0; 34=43; 49=MTHREE; 56=MS; 52=2022-03-22-18:47:52; 108=30; 10=0015;
8=FIX4.4; 35=0; 34=43; 49=MS; 56=MTHREE; 52=2022-03-22-18:47:52; 108=30; 10=0015;
8=FIX4.4; 35=0; 34=44; 49=MTHREE; 56=MS; 52=2022-03-22-18:47:54; 108=30; 10=0015;
8=FIX4.4; 35=0; 34=44; 49=MS; 56=MTHREE; 52=2022-03-22-18:47:54; 108=30; 10=0015;
8=FIX4.4; 35=0; 34=45; 49=MTHREE; 56=MS; 52=2022-03-22-18:47:56; 108=30; 10=0015;
8=FIX4.4; 35=0; 34=45; 49=MS; 56=MTHREE; 52=2022-03-22-18:47:56; 108=30; 10=0015;
8=FIX4.4; 35=0; 34=46; 49=MTHREE; 56=MS; 52=2022-03-22-18:47:58; 108=30; 10=0015;
8=FIX4.4; 35=0; 34=46; 49=MS; 56=MTHREE; 52=2022-03-22-18:47:58; 108=30; 10=0015;
8=FIX4.4; 35=0; 34=47; 49=MTHREE; 56=MS; 52=2022-03-22-18:48:00; 108=30; 10=0015;
8=FIX4.4; 35=0; 34=47; 49=MS; 56=MTHREE; 52=2022-03-22-18:48:00; 108=30; 10=0015;
8=FIX4.4; 35=0; 34=48; 49=MTHREE; 56=MS; 52=2022-03-22-18:48:02; 108=30; 10=0015;
8=FIX4.4; 35=0; 34=48; 49=MS; 56=MTHREE; 52=2022-03-22-18:48:02; 108=30; 10=0015;
8=FIX4.4; 35=0; 34=49; 49=MTHREE; 56=MS; 52=2022-03-22-18:48:04; 108=30; 10=0015;
8=FIX4.4; 35=0; 34=49; 49=MS; 56=MTHREE; 52=2022-03-22-18:48:04; 108=30; 10=0015;
8=FIX4.4; 35=0; 34=50; 49=MTHREE; 56=MS; 52=2022-03-22-18:48:06; 108=30; 10=0015;
8=FIX4.4; 35=0; 34=50; 49=MS; 56=MTHREE; 52=2022-03-22-18:48:06; 108=30; 10=0015;
8=FIX4.4; 35=0; 34=51; 49=MTHREE; 56=MS; 52=2022-03-22-18:48:08; 108=30; 10=0015;
8=FIX4.4; 35=0; 34=51; 49=MS; 56=MTHREE; 52=2022-03-22-18:48:08; 108=30; 10=0015;
8=FIX4.4; 35=D; 34=52; 49=MTHREE; 56=MS; 52=2022-03-22-18:48:10; 55=AAPL; 40=2; 38=26921; 21=2; 11=algo20220322184810; 60=2022-03-22-18:48:10; 54=2; 44=1276.37; 10=0252;
8=FIX4.4; 35=8; 34=52; 49=MS; 56=MTHREE; 52=2022-03-22-18:48:10; 55=AAPL; 40=2; 11=algo20220322184810; 31=1276.37; 150=0; 39=0; 54=2; 44=1276.37; 32=0; 17=exec20220322184810; 38=26921; 60=2022-03-22-18:48:10; 6=0; 14=0; 37=algo20220322184810; 10=200;
8=FIX4.4; 35=8; 34=53; 49=MS; 56=MTHREE; 52=2022-03-22-18:48:10; 55=AAPL; 40=2; 11=algo20220322184810; 31=1276.37; 150=1; 39=1; 54=2; 44=1276.37; 32=8973; 17=exec20220322184810; 38=26921; 60=2022-03-22-18:48:10; 6=1276.37; 14=8973; 37=algo20220322184810; 10=240;
8=FIX4.4; 35=F; 34=52; 49=MTHREE; 56=MS; 52=2022-03-22-18:48:11; 41=algo20220322184810; 55=AAPL; 38=26921; 11=C_algo20220322184810; 60=2022-03-22-18:48:11; 10=060;
8=FIX4.4; 35=8; 34=53; 49=MS; 56=MTHREE; 52=2022-03-22-18:48:11; 55=AAPL; 11=C_algo20220322184810; 31=0; 150=6; 39=6; 54=2; 44=1276.37; 17=exec20220322184811; 32=0; 41=algo20220322184810; 38=26921; 60=2022-03-22-18:48:11; 6=0.0; 14=8973; 37=algo20220322184810; 10=252;
8=FIX4.4; 35=8; 34=54; 49=MS; 56=MTHREE; 52=2022-03-22-18:48:11; 151=8975; 55=AAPL; 11=C_algo20220322184810; 31=0; 150=4; 39=4; 54=2; 17=exec20220322184811; 32=0; 41=algo20220322184810; 38=26921; 60=2022-03-22-18:48:11; 6=0.0; 14=8973; 37=algo20220322184810; 10=252;
8=FIX4.4; 35=D; 34=54; 49=MTHREE; 56=MS; 52=2022-03-22-18:48:13; 55=MSFT; 40=2; 38=16922; 21=2; 11=algo20220322184813; 60=2022-03-22-18:48:13; 54=2; 44=59.89; 10=0252;
8=FIX4.4; 35=8; 34=56; 49=MS; 56=MTHREE; 52=2022-03-22-18:48:13; 55=MSFT; 40=2; 11=algo20220322184813; 31=59.89; 150=0; 39=0; 54=2; 44=59.89; 32=0; 17=exec20220322184813; 38=16922; 60=2022-03-22-18:48:13; 6=0; 14=0; 37=algo20220322184813; 10=200;
8=FIX4.4; 35=8; 34=57; 49=MS; 56=MTHREE; 52=2022-03-22-18:48:13; 55=MSFT; 40=2; 11=algo20220322184813; 31=59.89; 150=1; 39=1; 54=2; 44=59.89; 32=5640; 17=exec20220322184813; 38=16922; 60=2022-03-22-18:48:13; 6=59.89; 14=5640; 37=algo20220322184813; 10=240;
8=FIX4.4; 35=F; 34=54; 49=MTHREE; 56=MS; 52=2022-03-22-18:48:15; 41=algo20220322184813; 55=MSFT; 38=16922; 11=C_algo20220322184813; 60=2022-03-22-18:48:15; 10=060;
8=FIX4.4; 35=8; 34=57; 49=MS; 56=MTHREE; 52=2022-03-22-18:48:15; 55=MSFT; 11=C_algo20220322184813; 31=0; 150=6; 39=6; 54=2; 44=59.89; 17=exec20220322184815; 32=0; 41=algo20220322184813; 38=16922; 60=2022-03-22-18:48:15; 6=0.0; 14=5640; 37=algo20220322184813; 10=252;
8=FIX4.4; 35=8; 34=58; 49=MS; 56=MTHREE; 52=2022-03-22-18:48:15; 151=5642; 55=MSFT; 11=C_algo20220322184813; 31=0; 150=4; 39=4; 54=2; 17=exec20220322184815; 32=0; 41=algo20220322184813; 38=16922; 60=2022-03-22-18:48:15; 6=0.0; 14=5640; 37=algo20220322184813; 10=252;
8=FIX4.4; 35=D; 34=56; 49=MTHREE; 56=MS; 52=2022-03-22-18:48:17; 55=AMZN; 40=2; 38=21381; 21=2; 11=algo20220322184817; 60=2022-03-22-18:48:17; 54=1; 44=133.47; 10=0252;
8=FIX4.4; 35=8; 34=60; 49=MS; 56=MTHREE; 52=2022-03-22-18:48:17; 55=AMZN; 40=2; 11=algo20220322184817; 31=133.47; 150=0; 39=0; 54=1; 44=133.47; 32=0; 17=exec20220322184817; 38=21381; 60=2022-03-22-18:48:17; 6=0; 14=0; 37=algo20220322184817; 10=200;
8=FIX4.4; 35=F; 34=56; 49=MTHREE; 56=MS; 52=2022-03-22-18:48:17; 41=algo20220322184817; 55=AMZN; 38=21381; 11=C_algo20220322184817; 60=2022-03-22-18:48:17; 10=060;
8=FIX4.4; 35=8; 34=60; 49=MS; 56=MTHREE; 52=2022-03-22-18:48:17; 55=AMZN; 11=C_algo20220322184817; 31=0; 150=6; 39=6; 54=1; 44=133.47; 17=exec20220322184817; 32=0; 41=algo20220322184817; 38=21381; 60=2022-03-22-18:48:17; 6=0.0; 14=0; 37=algo20220322184817; 10=252;
8=FIX4.4; 35=8; 34=61; 49=MS; 56=MTHREE; 52=2022-03-22-18:48:17; 151=16036; 55=AMZN; 11=C_algo20220322184817; 31=0; 150=4; 39=4; 54=1; 17=exec20220322184817; 32=0; 41=algo20220322184817; 38=21381; 60=2022-03-22-18:48:17; 6=0.0; 14=0; 37=algo20220322184817; 10=252;
8=FIX4.4; 35=D; 34=58; 49=MTHREE; 56=MS; 52=2022-03-22-18:48:19; 55=FB; 40=2; 38=10360; 21=2; 11=algo20220322184819; 60=2022-03-22-18:48:19; 54=1; 44=430.62; 10=0252;
8=FIX4.4; 35=8; 34=63; 49=MS; 56=MTHREE; 52=2022-03-22-18:48:19; 55=FB; 40=2; 11=algo20220322184819; 31=430.62; 150=0; 39=0; 54=1; 44=430.62; 32=0; 17=exec20220322184819; 38=10360; 60=2022-03-22-18:48:19; 6=0; 14=0; 37=algo20220322184819; 10=200;
8=FIX4.4; 35=8; 34=64; 49=MS; 56=MTHREE; 52=2022-03-22-18:48:19; 55=FB; 40=2; 11=algo20220322184819; 31=430.62; 150=1; 39=1; 54=1; 44=430.62; 32=2072; 17=exec20220322184819; 38=10360; 60=2022-03-22-18:48:19; 6=430.62; 14=2072; 37=algo20220322184819; 10=240;
8=FIX4.4; 35=F; 34=58; 49=MTHREE; 56=MS; 52=2022-03-22-18:48:20; 41=algo20220322184819; 55=FB; 38=10360; 11=C_algo20220322184819; 60=2022-03-22-18:48:20; 10=060;
8=FIX4.4; 35=8; 34=64; 49=MS; 56=MTHREE; 52=2022-03-22-18:48:20; 55=FB; 11=C_algo20220322184819; 31=0; 150=6; 39=6; 54=1; 44=430.62; 17=exec20220322184820; 32=0; 41=algo20220322184819; 38=10360; 60=2022-03-22-18:48:20; 6=0.0; 14=2072; 37=algo20220322184819; 10=252;
8=FIX4.4; 35=8; 34=65; 49=MS; 56=MTHREE; 52=2022-03-22-18:48:20; 151=6216; 55=FB; 11=C_algo20220322184819; 31=0; 150=4; 39=4; 54=1; 17=exec20220322184820; 32=0; 41=algo20220322184819; 38=10360; 60=2022-03-22-18:48:20; 6=0.0; 14=2072; 37=algo20220322184819; 10=252;
8=FIX4.4; 35=D; 34=60; 49=MTHREE; 56=MS; 52=2022-03-22-18:48:22; 55=GOOG; 40=2; 38=7522; 21=2; 11=algo20220322184822; 60=2022-03-22-18:48:22; 54=1; 44=42.05; 10=0252;
8=FIX4.4; 35=8; 34=67; 49=MS; 56=MTHREE; 52=2022-03-22-18:48:22; 55=GOOG; 40=2; 11=algo20220322184822; 31=42.05; 150=0; 39=0; 54=1; 44=42.05; 32=0; 17=exec20220322184822; 38=7522; 60=2022-03-22-18:48:22; 6=0; 14=0; 37=algo20220322184822; 10=200;
8=FIX4.4; 35=8; 34=68; 49=MS; 56=MTHREE; 52=2022-03-22-18:48:23; 55=GOOG; 40=2; 11=algo20220322184822; 31=42.05; 150=2; 39=2; 54=1; 44=42.05; 32=7522; 17=exec20220322184823; 38=7522; 60=2022-03-22-18:48:23; 6=42.05; 14=7522; 37=algo20220322184822; 10=246;
8=FIX4.4; 35=D; 34=61; 49=MTHREE; 56=MS; 52=2022-03-22-18:48:23; 55=GOOGL; 40=2; 38=24192; 21=2; 11=algo20220322184823; 60=2022-03-22-18:48:23; 54=1; 44=289.20; 10=0252;
8=FIX4.4; 35=8; 34=69; 49=MS; 56=MTHREE; 52=2022-03-22-18:48:23; 55=GOOGL; 40=2; 11=algo20220322184823; 31=289.20; 150=0; 39=0; 54=1; 44=289.20; 32=0; 17=exec20220322184823; 38=24192; 60=2022-03-22-18:48:23; 6=0; 14=0; 37=algo20220322184823; 10=200;
8=FIX4.4; 35=F; 34=61; 49=MTHREE; 56=MS; 52=2022-03-22-18:48:24; 41=algo20220322184823; 55=GOOGL; 38=24192; 11=C_algo20220322184823; 60=2022-03-22-18:48:24; 10=060;
8=FIX4.4; 35=8; 34=69; 49=MS; 56=MTHREE; 52=2022-03-22-18:48:24; 55=GOOGL; 11=C_algo20220322184823; 31=0; 150=6; 39=6; 54=1; 44=289.20; 17=exec20220322184824; 32=0; 41=algo20220322184823; 38=24192; 60=2022-03-22-18:48:24; 6=0.0; 14=0; 37=algo20220322184823; 10=252;
8=FIX4.4; 35=8; 34=70; 49=MS; 56=MTHREE; 52=2022-03-22-18:48:24; 151=12096; 55=GOOGL; 11=C_algo20220322184823; 31=0; 150=4; 39=4; 54=1; 17=exec20220322184824; 32=0; 41=algo20220322184823; 38=24192; 60=2022-03-22-18:48:24; 6=0.0; 14=0; 37=algo20220322184823; 10=252;
8=FIX4.4; 35=D; 34=63; 49=MTHREE; 56=MS; 52=2022-03-22-18:48:26; 55=INTC; 40=2; 38=8471; 21=2; 11=algo20220322184826; 60=2022-03-22-18:48:26; 54=1; 44=339.13; 10=0252;
8=FIX4.4; 35=8; 34=72; 49=MS; 56=MTHREE; 52=2022-03-22-18:48:26; 55=INTC; 40=2; 11=algo20220322184826; 31=339.13; 150=0; 39=0; 54=1; 44=339.13; 32=0; 17=exec20220322184826; 38=8471; 60=2022-03-22-18:48:26; 6=0; 14=0; 37=algo20220322184826; 10=200;
8=FIX4.4; 35=8; 34=73; 49=MS; 56=MTHREE; 52=2022-03-22-18:48:27; 55=INTC; 40=2; 11=algo20220322184826; 31=339.13; 150=2; 39=2; 54=1; 44=339.13; 32=8471; 17=exec20220322184827; 38=8471; 60=2022-03-22-18:48:27; 6=339.13; 14=8471; 37=algo20220322184826; 10=246;
8=FIX4.4; 35=D; 34=64; 49=MTHREE; 56=MS; 52=2022-03-22-18:48:27; 55=PEP; 40=2; 38=4938; 21=2; 11=algo20220322184827; 60=2022-03-22-18:48:27; 54=1; 44=36.21; 10=0252;
8=FIX4.4; 35=8; 34=74; 49=MS; 56=MTHREE; 52=2022-03-22-18:48:27; 55=PEP; 40=2; 11=algo20220322184827; 31=36.21; 150=0; 39=0; 54=1; 44=36.21; 32=0; 17=exec20220322184827; 38=4938; 60=2022-03-22-18:48:27; 6=0; 14=0; 37=algo20220322184827; 10=200;
8=FIX4.4; 35=F; 34=64; 49=MTHREE; 56=MS; 52=2022-03-22-18:48:27; 41=algo20220322184827; 55=PEP; 38=4938; 11=C_algo20220322184827; 60=2022-03-22-18:48:27; 10=060;
8=FIX4.4; 35=8; 34=74; 49=MS; 56=MTHREE; 52=2022-03-22-18:48:27; 55=PEP; 11=C_algo20220322184827; 31=0; 150=6; 39=6; 54=1; 44=36.21; 17=exec20220322184827; 32=0; 41=algo20220322184827; 38=4938; 60=2022-03-22-18:48:27; 6=0.0; 14=0; 37=algo20220322184827; 10=252;
8=FIX4.4; 35=8; 34=75; 49=MS; 56=MTHREE; 52=2022-03-22-18:48:27; 151=3292; 55=PEP; 11=C_algo20220322184827; 31=0; 150=4; 39=4; 54=1; 17=exec20220322184827; 32=0; 41=algo20220322184827; 38=4938; 60=2022-03-22-18:48:27; 6=0.0; 14=0; 37=algo20220322184827; 10=252;
8=FIX4.4; 35=D; 34=66; 49=MTHREE; 56=MS; 52=2022-03-22-18:48:29; 55=NFLX; 40=2; 38=19650; 21=2; 11=algo20220322184829; 60=2022-03-22-18:48:29; 54=1; 44=306.71; 10=0252;
8=FIX4.4; 35=8; 34=77; 49=MS; 56=MTHREE; 52=2022-03-22-18:48:29; 55=NFLX; 40=2; 11=algo20220322184829; 31=306.71; 150=0; 39=0; 54=1; 44=306.71; 32=0; 17=exec20220322184829; 38=19650; 60=2022-03-22-18:48:29; 6=0; 14=0; 37=algo20220322184829; 10=200;
8=FIX4.4; 35=8; 34=78; 49=MS; 56=MTHREE; 52=2022-03-22-18:48:30; 55=NFLX; 40=2; 11=algo20220322184829; 31=306.71; 150=2; 39=2; 54=1; 44=306.71; 32=19650; 17=exec20220322184830; 38=19650; 60=2022-03-22-18:48:30; 6=306.71; 14=19650; 37=algo20220322184829; 10=246;
8=FIX4.4; 35=D; 34=67; 49=MTHREE; 56=MS; 52=2022-03-22-18:48:30; 55=CSCO; 40=2; 38=29387; 21=2; 11=algo20220322184830; 60=2022-03-22-18:48:30; 54=1; 44=233.73; 10=0252;
8=FIX4.4; 35=8; 34=79; 49=MS; 56=MTHREE; 52=2022-03-22-18:48:30; 55=CSCO; 40=2; 11=algo20220322184830; 31=233.73; 150=0; 39=0; 54=1; 44=233.73; 32=0; 17=exec20220322184830; 38=29387; 60=2022-03-22-18:48:30; 6=0; 14=0; 37=algo20220322184830; 10=200;
8=FIX4.4; 35=8; 34=80; 49=MS; 56=MTHREE; 52=2022-03-22-18:48:31; 55=CSCO; 40=2; 11=algo20220322184830; 31=233.73; 150=2; 39=2; 54=1; 44=233.73; 32=29387; 17=exec20220322184831; 38=29387; 60=2022-03-22-18:48:31; 6=233.73; 14=29387; 37=algo20220322184830; 10=246;
8=FIX4.4; 35=D; 34=68; 49=MTHREE; 56=MS; 52=2022-03-22-18:48:31; 55=AMGN; 40=2; 38=5625; 21=2; 11=algo20220322184832; 60=2022-03-22-18:48:31; 54=2; 44=116.62; 10=0252;
8=FIX4.4; 35=8; 34=81; 49=MS; 56=MTHREE; 52=2022-03-22-18:48:31; 55=AMGN; 40=2; 11=algo20220322184832; 31=116.62; 150=0; 39=0; 54=2; 44=116.62; 32=0; 17=exec20220322184832; 38=5625; 60=2022-03-22-18:48:31; 6=0; 14=0; 37=algo20220322184832; 10=200;
8=FIX4.4; 35=F; 34=68; 49=MTHREE; 56=MS; 52=2022-03-22-18:48:32; 41=algo20220322184832; 55=AMGN; 38=5625; 11=C_algo20220322184832; 60=2022-03-22-18:48:32; 10=060;
8=FIX4.4; 35=8; 34=81; 49=MS; 56=MTHREE; 52=2022-03-22-18:48:32; 55=AMGN; 11=C_algo20220322184832; 31=0; 150=6; 39=6; 54=2; 44=116.62; 17=exec20220322184832; 32=0; 41=algo20220322184832; 38=5625; 60=2022-03-22-18:48:32; 6=0.0; 14=0; 37=algo20220322184832; 10=252;
8=FIX4.4; 35=8; 34=82; 49=MS; 56=MTHREE; 52=2022-03-22-18:48:32; 151=4219; 55=AMGN; 11=C_algo20220322184832; 31=0; 150=4; 39=4; 54=2; 17=exec20220322184832; 32=0; 41=algo20220322184832; 38=5625; 60=2022-03-22-18:48:32; 6=0.0; 14=0; 37=algo20220322184832; 10=252;
8=FIX4.4; 35=D; 34=70; 49=MTHREE; 56=MS; 52=2022-03-22-18:48:34; 55=PYPL; 40=2; 38=28327; 21=2; 11=algo20220322184834; 60=2022-03-22-18:48:34; 54=2; 44=723.61; 10=0252;
8=FIX4.4; 35=8; 34=84; 49=MS; 56=MTHREE; 52=2022-03-22-18:48:34; 55=PYPL; 40=2; 11=algo20220322184834; 31=723.61; 150=0; 39=0; 54=2; 44=723.61; 32=0; 17=exec20220322184834; 38=28327; 60=2022-03-22-18:48:34; 6=0; 14=0; 37=algo20220322184834; 10=200;
8=FIX4.4; 35=F; 34=70; 49=MTHREE; 56=MS; 52=2022-03-22-18:48:34; 41=algo20220322184834; 55=PYPL; 38=28327; 11=C_algo20220322184834; 60=2022-03-22-18:48:34; 10=060;
8=FIX4.4; 35=8; 34=84; 49=MS; 56=MTHREE; 52=2022-03-22-18:48:34; 55=PYPL; 11=C_algo20220322184834; 31=0; 150=6; 39=6; 54=2; 44=723.61; 17=exec20220322184834; 32=0; 41=algo20220322184834; 38=28327; 60=2022-03-22-18:48:34; 6=0.0; 14=0; 37=algo20220322184834; 10=252;
8=FIX4.4; 35=8; 34=85; 49=MS; 56=MTHREE; 52=2022-03-22-18:48:34; 151=22662; 55=PYPL; 11=C_algo20220322184834; 31=0; 150=4; 39=4; 54=2; 17=exec20220322184834; 32=0; 41=algo20220322184834; 38=28327; 60=2022-03-22-18:48:34; 6=0.0; 14=0; 37=algo20220322184834; 10=252;
8=FIX4.4; 35=D; 34=72; 49=MTHREE; 56=MS; 52=2022-03-22-18:48:36; 55=TSLA; 40=2; 38=15953; 21=2; 11=algo20220322184836; 60=2022-03-22-18:48:36; 54=2; 44=503.77; 10=0252;
8=FIX4.4; 35=8; 34=87; 49=MS; 56=MTHREE; 52=2022-03-22-18:48:36; 55=TSLA; 40=2; 11=algo20220322184836; 31=503.77; 150=0; 39=0; 54=2; 44=503.77; 32=0; 17=exec20220322184836; 38=15953; 60=2022-03-22-18:48:36; 6=0; 14=0; 37=algo20220322184836; 10=200;
8=FIX4.4; 35=F; 34=72; 49=MTHREE; 56=MS; 52=2022-03-22-18:48:36; 41=algo20220322184836; 55=TSLA; 38=15953; 11=C_algo20220322184836; 60=2022-03-22-18:48:36; 10=060;
8=FIX4.4; 35=8; 34=87; 49=MS; 56=MTHREE; 52=2022-03-22-18:48:36; 55=TSLA; 11=C_algo20220322184836; 31=0; 150=6; 39=6; 54=2; 44=503.77; 17=exec20220322184836; 32=0; 41=algo20220322184836; 38=15953; 60=2022-03-22-18:48:36; 6=0.0; 14=0; 37=algo20220322184836; 10=252;
8=FIX4.4; 35=8; 34=88; 49=MS; 56=MTHREE; 52=2022-03-22-18:48:36; 151=10636; 55=TSLA; 11=C_algo20220322184836; 31=0; 150=4; 39=4; 54=2; 17=exec20220322184836; 32=0; 41=algo20220322184836; 38=15953; 60=2022-03-22-18:48:36; 6=0.0; 14=0; 37=algo20220322184836; 10=252;
8=FIX4.4; 35=D; 34=74; 49=MTHREE; 56=MS; 52=2022-03-22-18:48:38; 55=TXN; 40=2; 38=30413; 21=2; 11=algo20220322184838; 60=2022-03-22-18:48:38; 54=1; 44=112.46; 10=0252;
8=FIX4.4; 35=8; 34=90; 49=MS; 56=MTHREE; 52=2022-03-22-18:48:38; 55=TXN; 40=2; 11=algo20220322184838; 31=112.46; 150=0; 39=0; 54=1; 44=112.46; 32=0; 17=exec20220322184838; 38=30413; 60=2022-03-22-18:48:38; 6=0; 14=0; 37=algo20220322184838; 10=200;
8=FIX4.4; 35=8; 34=91; 49=MS; 56=MTHREE; 52=2022-03-22-18:48:39; 55=TXN; 40=2; 11=algo20220322184838; 31=112.46; 150=2; 39=2; 54=1; 44=112.46; 32=30413; 17=exec20220322184839; 38=30413; 60=2022-03-22-18:48:39; 6=112.46; 14=30413; 37=algo20220322184838; 10=246;
8=FIX4.4; 35=D; 34=75; 49=MTHREE; 56=MS; 52=2022-03-22-18:48:39; 55=AVGO; 40=2; 38=8949; 21=2; 11=algo20220322184839; 60=2022-03-22-18:48:39; 54=1; 44=262.99; 10=0252;
8=FIX4.4; 35=8; 34=92; 49=MS; 56=MTHREE; 52=2022-03-22-18:48:39; 55=AVGO; 40=2; 11=algo20220322184839; 31=262.99; 150=0; 39=0; 54=1; 44=262.99; 32=0; 17=exec20220322184839; 38=8949; 60=2022-03-22-18:48:39; 6=0; 14=0; 37=algo20220322184839; 10=200;
8=FIX4.4; 35=F; 34=75; 49=MTHREE; 56=MS; 52=2022-03-22-18:48:39; 41=algo20220322184839; 55=AVGO; 38=8949; 11=C_algo20220322184839; 60=2022-03-22-18:48:39; 10=060;
8=FIX4.4; 35=8; 34=92; 49=MS; 56=MTHREE; 52=2022-03-22-18:48:40; 55=AVGO; 11=C_algo20220322184839; 31=0; 150=6; 39=6; 54=1; 44=262.99; 17=exec20220322184840; 32=0; 41=algo20220322184839; 38=8949; 60=2022-03-22-18:48:40; 6=0.0; 14=0; 37=algo20220322184839; 10=252;
8=FIX4.4; 35=8; 34=93; 49=MS; 56=MTHREE; 52=2022-03-22-18:48:40; 151=4475; 55=AVGO; 11=C_algo20220322184839; 31=0; 150=4; 39=4; 54=1; 17=exec20220322184840; 32=0; 41=algo20220322184839; 38=8949; 60=2022-03-22-18:48:40; 6=0.0; 14=0; 37=algo20220322184839; 10=252;
8=FIX4.4; 35=D; 34=77; 49=MTHREE; 56=MS; 52=2022-03-22-18:48:42; 55=GILD; 40=2; 38=9093; 21=2; 11=algo20220322184842; 60=2022-03-22-18:48:42; 54=2; 44=82.91; 10=0252;
8=FIX4.4; 35=8; 34=95; 49=MS; 56=MTHREE; 52=2022-03-22-18:48:42; 55=GILD; 40=2; 11=algo20220322184842; 31=82.91; 150=0; 39=0; 54=2; 44=82.91; 32=0; 17=exec20220322184842; 38=9093; 60=2022-03-22-18:48:42; 6=0; 14=0; 37=algo20220322184842; 10=200;
8=FIX4.4; 35=8; 34=96; 49=MS; 56=MTHREE; 52=2022-03-22-18:48:43; 55=GILD; 40=2; 11=algo20220322184842; 31=82.91; 150=2; 39=2; 54=2; 44=82.91; 32=9093; 17=exec20220322184843; 38=9093; 60=2022-03-22-18:48:43; 6=82.91; 14=9093; 37=algo20220322184842; 10=246;
8=FIX4.4; 35=D; 34=78; 49=MTHREE; 56=MS; 52=2022-03-22-18:48:43; 55=SBUX; 40=2; 38=24150; 21=2; 11=algo20220322184843; 60=2022-03-22-18:48:43; 54=1; 44=75.71; 10=0252;
8=FIX4.4; 35=8; 34=97; 49=MS; 56=MTHREE; 52=2022-03-22-18:48:43; 55=SBUX; 40=2; 11=algo20220322184843; 31=75.71; 150=0; 39=0; 54=1; 44=75.71; 32=0; 17=exec20220322184843; 38=24150; 60=2022-03-22-18:48:43; 6=0; 14=0; 37=algo20220322184843; 10=200;
8=FIX4.4; 35=F; 34=78; 49=MTHREE; 56=MS; 52=2022-03-22-18:48:43; 41=algo20220322184843; 55=SBUX; 38=24150; 11=C_algo20220322184843; 60=2022-03-22-18:48:43; 10=060;
8=FIX4.4; 35=8; 34=97; 49=MS; 56=MTHREE; 52=2022-03-22-18:48:43; 55=SBUX; 11=C_algo20220322184843; 31=0; 150=6; 39=6; 54=1; 44=75.71; 17=exec20220322184843; 32=0; 41=algo20220322184843; 38=24150; 60=2022-03-22-18:48:43; 6=0.0; 14=0; 37=algo20220322184843; 10=252;
8=FIX4.4; 35=8; 34=98; 49=MS; 56=MTHREE; 52=2022-03-22-18:48:43; 151=18113; 55=SBUX; 11=C_algo20220322184843; 31=0; 150=4; 39=4; 54=1; 17=exec20220322184843; 32=0; 41=algo20220322184843; 38=24150; 60=2022-03-22-18:48:43; 6=0.0; 14=0; 37=algo20220322184843; 10=252;
8=FIX4.4; 35=D; 34=80; 49=MTHREE; 56=MS; 52=2022-03-22-18:48:45; 55=QCOM; 40=2; 38=1217; 21=2; 11=algo20220322184845; 60=2022-03-22-18:48:45; 54=1; 44=75.47; 10=0252;
8=FIX4.4; 35=8; 34=100; 49=MS; 56=MTHREE; 52=2022-03-22-18:48:45; 55=QCOM; 40=2; 11=algo20220322184845; 31=75.47; 150=0; 39=0; 54=1; 44=75.47; 32=0; 17=exec20220322184845; 38=1217; 60=2022-03-22-18:48:45; 6=0; 14=0; 37=algo20220322184845; 10=200;
8=FIX4.4; 35=F; 34=80; 49=MTHREE; 56=MS; 52=2022-03-22-18:48:45; 41=algo20220322184845; 55=QCOM; 38=1217; 11=C_algo20220322184845; 60=2022-03-22-18:48:45; 10=060;
8=FIX4.4; 35=8; 34=100; 49=MS; 56=MTHREE; 52=2022-03-22-18:48:45; 55=QCOM; 11=C_algo20220322184845; 31=0; 150=6; 39=6; 54=1; 44=75.47; 17=exec20220322184845; 32=0; 41=algo20220322184845; 38=1217; 60=2022-03-22-18:48:45; 6=0.0; 14=0; 37=algo20220322184845; 10=252;
8=FIX4.4; 35=8; 34=101; 49=MS; 56=MTHREE; 52=2022-03-22-18:48:45; 151=812; 55=QCOM; 11=C_algo20220322184845; 31=0; 150=4; 39=4; 54=1; 17=exec20220322184845; 32=0; 41=algo20220322184845; 38=1217; 60=2022-03-22-18:48:45; 6=0.0; 14=0; 37=algo20220322184845; 10=252;
8=FIX4.4; 35=D; 34=82; 49=MTHREE; 56=MS; 52=2022-03-22-18:48:47; 55=TMUS; 40=2; 38=30054; 21=2; 11=algo20220322184847; 60=2022-03-22-18:48:47; 54=2; 44=90.74; 10=0252;
8=FIX4.4; 35=8; 34=103; 49=MS; 56=MTHREE; 52=2022-03-22-18:48:47; 55=TMUS; 40=2; 11=algo20220322184847; 31=90.74; 150=0; 39=0; 54=2; 44=90.74; 32=0; 17=exec20220322184847; 38=30054; 60=2022-03-22-18:48:47; 6=0; 14=0; 37=algo20220322184847; 10=200;
8=FIX4.4; 35=8; 34=104; 49=MS; 56=MTHREE; 52=2022-03-22-18:48:47; 55=TMUS; 40=2; 11=algo20220322184847; 31=90.74; 150=1; 39=1; 54=2; 44=90.74; 32=10018; 17=exec20220322184847; 38=30054; 60=2022-03-22-18:48:47; 6=90.74; 14=10018; 37=algo20220322184847; 10=240;
8=FIX4.4; 35=F; 34=82; 49=MTHREE; 56=MS; 52=2022-03-22-18:48:49; 41=algo20220322184847; 55=TMUS; 38=30054; 11=C_algo20220322184847; 60=2022-03-22-18:48:49; 10=060;
8=FIX4.4; 35=8; 34=104; 49=MS; 56=MTHREE; 52=2022-03-22-18:48:49; 55=TMUS; 11=C_algo20220322184847; 31=0; 150=6; 39=6; 54=2; 44=90.74; 17=exec20220322184849; 32=0; 41=algo20220322184847; 38=30054; 60=2022-03-22-18:48:49; 6=0.0; 14=10018; 37=algo20220322184847; 10=252;
8=FIX4.4; 35=8; 34=105; 49=MS; 56=MTHREE; 52=2022-03-22-18:48:49; 151=10018; 55=TMUS; 11=C_algo20220322184847; 31=0; 150=4; 39=4; 54=2; 17=exec20220322184849; 32=0; 41=algo20220322184847; 38=30054; 60=2022-03-22-18:48:49; 6=0.0; 14=10018; 37=algo20220322184847; 10=252;
8=FIX4.4; 35=D; 34=84; 49=MTHREE; 56=MS; 52=2022-03-22-18:48:51; 55=MDLZ; 40=2; 38=985; 21=2; 11=algo20220322184851; 60=2022-03-22-18:48:51; 54=1; 44=52.26; 10=0252;
8=FIX4.4; 35=8; 34=107; 49=MS; 56=MTHREE; 52=2022-03-22-18:48:51; 55=MDLZ; 40=2; 11=algo20220322184851; 31=52.26; 150=0; 39=0; 54=1; 44=52.26; 32=0; 17=exec20220322184851; 38=985; 60=2022-03-22-18:48:51; 6=0; 14=0; 37=algo20220322184851; 10=200;
8=FIX4.4; 35=8; 34=108; 49=MS; 56=MTHREE; 52=2022-03-22-18:48:52; 55=MDLZ; 40=2; 11=algo20220322184851; 31=52.26; 150=2; 39=2; 54=1; 44=52.26; 32=985; 17=exec20220322184852; 38=985; 60=2022-03-22-18:48:52; 6=52.26; 14=985; 37=algo20220322184851; 10=246;
8=FIX4.4; 35=D; 34=85; 49=MTHREE; 56=MS; 52=2022-03-22-18:48:52; 55=BAC; 40=2; 38=2992; 21=2; 11=algo20220322184852; 60=2022-03-22-18:48:52; 54=1; 44=22.03; 10=0252;
8=FIX4.4; 35=8; 34=109; 49=MS; 56=MTHREE; 52=2022-03-22-18:48:52; 55=BAC; 40=2; 11=algo20220322184852; 31=22.03; 150=0; 39=0; 54=1; 44=22.03; 32=0; 17=exec20220322184852; 38=2992; 60=2022-03-22-18:48:52; 6=0; 14=0; 37=algo20220322184852; 10=200;
8=FIX4.4; 35=8; 34=110; 49=MS; 56=MTHREE; 52=2022-03-22-18:48:53; 55=BAC; 40=2; 11=algo20220322184852; 31=22.03; 150=2; 39=2; 54=1; 44=22.03; 32=2992; 17=exec20220322184853; 38=2992; 60=2022-03-22-18:48:53; 6=22.03; 14=2992; 37=algo20220322184852; 10=246;
8=FIX4.4; 35=D; 34=86; 49=MTHREE; 56=MS; 52=2022-03-22-18:48:53; 55=DDD; 40=2; 38=13719; 21=2; 11=algo20220322184853; 60=2022-03-22-18:48:53; 54=2; 44=8.01; 10=0252;
8=FIX4.4; 35=8; 34=111; 49=MS; 56=MTHREE; 52=2022-03-22-18:48:53; 55=DDD; 40=2; 11=algo20220322184853; 31=8.01; 150=0; 39=0; 54=2; 44=8.01; 32=0; 17=exec20220322184853; 38=13719; 60=2022-03-22-18:48:53; 6=0; 14=0; 37=algo20220322184853; 10=200;
8=FIX4.4; 35=F; 34=86; 49=MTHREE; 56=MS; 52=2022-03-22-18:48:53; 41=algo20220322184853; 55=DDD; 38=13719; 11=C_algo20220322184853; 60=2022-03-22-18:48:53; 10=060;
8=FIX4.4; 35=8; 34=111; 49=MS; 56=MTHREE; 52=2022-03-22-18:48:53; 55=DDD; 11=C_algo20220322184853; 31=0; 150=6; 39=6; 54=2; 44=8.01; 17=exec20220322184853; 32=0; 41=algo20220322184853; 38=13719; 60=2022-03-22-18:48:53; 6=0.0; 14=0; 37=algo20220322184853; 10=252;
8=FIX4.4; 35=8; 34=112; 49=MS; 56=MTHREE; 52=2022-03-22-18:48:53; 151=10290; 55=DDD; 11=C_algo20220322184853; 31=0; 150=4; 39=4; 54=2; 17=exec20220322184853; 32=0; 41=algo20220322184853; 38=13719; 60=2022-03-22-18:48:53; 6=0.0; 14=0; 37=algo20220322184853; 10=252;
8=FIX4.4; 35=D; 34=88; 49=MTHREE; 56=MS; 52=2022-03-22-18:48:55; 55=MMM; 40=2; 38=15625; 21=2; 11=algo20220322184855; 60=2022-03-22-18:48:55; 54=1; 44=146.98; 10=0252;
8=FIX4.4; 35=8; 34=114; 49=MS; 56=MTHREE; 52=2022-03-22-18:48:55; 55=MMM; 40=2; 11=algo20220322184855; 31=146.98; 150=0; 39=0; 54=1; 44=146.98; 32=0; 17=exec20220322184855; 38=15625; 60=2022-03-22-18:48:55; 6=0; 14=0; 37=algo20220322184855; 10=200;
8=FIX4.4; 35=8; 34=115; 49=MS; 56=MTHREE; 52=2022-03-22-18:48:55; 55=MMM; 40=2; 11=algo20220322184855; 31=146.98; 150=1; 39=1; 54=1; 44=146.98; 32=5208; 17=exec20220322184855; 38=15625; 60=2022-03-22-18:48:55; 6=146.98; 14=5208; 37=algo20220322184855; 10=240;
8=FIX4.4; 35=8; 34=116; 49=MS; 56=MTHREE; 52=2022-03-22-18:48:56; 55=MMM; 40=2; 11=algo20220322184855; 31=146.98; 150=1; 39=1; 54=1; 44=146.98; 32=5208; 17=exec20220322184856; 38=15625; 60=2022-03-22-18:48:56; 6=146.98; 14=10416; 37=algo20220322184855; 10=240;
8=FIX4.4; 35=8; 34=117; 49=MS; 56=MTHREE; 52=2022-03-22-18:48:59; 55=MMM; 40=2; 11=algo20220322184855; 31=146.98; 150=2; 39=2; 54=1; 44=146.98; 32=5209; 17=exec20220322184859; 38=15625; 60=2022-03-22-18:48:59; 6=146.98; 14=15625; 37=algo20220322184855; 10=246;
8=FIX4.4; 35=D; 34=89; 49=MTHREE; 56=MS; 52=2022-03-22-18:48:59; 55=WBAI; 40=2; 38=18068; 21=2; 11=algo20220322184859; 60=2022-03-22-18:48:59; 54=2; 44=4.10; 10=0252;
8=FIX4.4; 35=8; 34=118; 49=MS; 56=MTHREE; 52=2022-03-22-18:48:59; 55=WBAI; 40=2; 11=algo20220322184859; 31=4.10; 150=0; 39=0; 54=2; 44=4.10; 32=0; 17=exec20220322184859; 38=18068; 60=2022-03-22-18:48:59; 6=0; 14=0; 37=algo20220322184859; 10=200;
8=FIX4.4; 35=8; 34=119; 49=MS; 56=MTHREE; 52=2022-03-22-18:48:59; 55=WBAI; 40=2; 11=algo20220322184859; 31=4.10; 150=1; 39=1; 54=2; 44=4.10; 32=3613; 17=exec20220322184859; 38=18068; 60=2022-03-22-18:48:59; 6=4.10; 14=3613; 37=algo20220322184859; 10=240;
8=FIX4.4; 35=F; 34=89; 49=MTHREE; 56=MS; 52=2022-03-22-18:49:00; 41=algo20220322184859; 55=WBAI; 38=18068; 11=C_algo20220322184859; 60=2022-03-22-18:49:00; 10=060;
8=FIX4.4; 35=8; 34=119; 49=MS; 56=MTHREE; 52=2022-03-22-18:49:00; 55=WBAI; 11=C_algo20220322184859; 31=0; 150=6; 39=6; 54=2; 44=4.10; 17=exec20220322184900; 32=0; 41=algo20220322184859; 38=18068; 60=2022-03-22-18:49:00; 6=0.0; 14=3613; 37=algo20220322184859; 10=252;
8=FIX4.4; 35=8; 34=120; 49=MS; 56=MTHREE; 52=2022-03-22-18:49:00; 151=10842; 55=WBAI; 11=C_algo20220322184859; 31=0; 150=4; 39=4; 54=2; 17=exec20220322184900; 32=0; 41=algo20220322184859; 38=18068; 60=2022-03-22-18:49:00; 6=0.0; 14=3613; 37=algo20220322184859; 10=252;
8=FIX4.4; 35=D; 34=91; 49=MTHREE; 56=MS; 52=2022-03-22-18:49:02; 55=WUBA; 40=2; 38=17243; 21=2; 11=algo20220322184902; 60=2022-03-22-18:49:02; 54=1; 44=51.41; 10=0252;
8=FIX4.4; 35=8; 34=122; 49=MS; 56=MTHREE; 52=2022-03-22-18:49:02; 55=WUBA; 40=2; 11=algo20220322184902; 31=51.41; 150=0; 39=0; 54=1; 44=51.41; 32=0; 17=exec20220322184902; 38=17243; 60=2022-03-22-18:49:02; 6=0; 14=0; 37=algo20220322184902; 10=200;
8=FIX4.4; 35=8; 34=123; 49=MS; 56=MTHREE; 52=2022-03-22-18:49:03; 55=WUBA; 40=2; 11=algo20220322184902; 31=51.41; 150=2; 39=2; 54=1; 44=51.41; 32=17243; 17=exec20220322184903; 38=17243; 60=2022-03-22-18:49:03; 6=51.41; 14=17243; 37=algo20220322184902; 10=246;
8=FIX4.4; 35=D; 34=92; 49=MTHREE; 56=MS; 52=2022-03-22-18:49:03; 55=EGHT; 40=2; 38=8166; 21=2; 11=algo20220322184903; 60=2022-03-22-18:49:03; 54=2; 44=17.03; 10=0252;
8=FIX4.4; 35=8; 34=124; 49=MS; 56=MTHREE; 52=2022-03-22-18:49:03; 55=EGHT; 40=2; 11=algo20220322184903; 31=17.03; 150=0; 39=0; 54=2; 44=17.03; 32=0; 17=exec20220322184903; 38=8166; 60=2022-03-22-18:49:03; 6=0; 14=0; 37=algo20220322184903; 10=200;
8=FIX4.4; 35=F; 34=92; 49=MTHREE; 56=MS; 52=2022-03-22-18:49:03; 41=algo20220322184903; 55=EGHT; 38=8166; 11=C_algo20220322184903; 60=2022-03-22-18:49:03; 10=060;
8=FIX4.4; 35=8; 34=124; 49=MS; 56=MTHREE; 52=2022-03-22-18:49:03; 55=EGHT; 11=C_algo20220322184903; 31=0; 150=6; 39=6; 54=2; 44=17.03; 17=exec20220322184903; 32=0; 41=algo20220322184903; 38=8166; 60=2022-03-22-18:49:03; 6=0.0; 14=0; 37=algo20220322184903; 10=252;
8=FIX4.4; 35=8; 34=125; 49=MS; 56=MTHREE; 52=2022-03-22-18:49:03; 151=4083; 55=EGHT; 11=C_algo20220322184903; 31=0; 150=4; 39=4; 54=2; 17=exec20220322184903; 32=0; 41=algo20220322184903; 38=8166; 60=2022-03-22-18:49:03; 6=0.0; 14=0; 37=algo20220322184903; 10=252;
8=FIX4.4; 35=D; 34=94; 49=MTHREE; 56=MS; 52=2022-03-22-18:49:05; 55=AHC; 40=2; 38=29682; 21=2; 11=algo20220322184905; 60=2022-03-22-18:49:05; 54=1; 44=1.40; 10=0252;
8=FIX4.4; 35=8; 34=127; 49=MS; 56=MTHREE; 52=2022-03-22-18:49:05; 55=AHC; 40=2; 11=algo20220322184905; 31=1.40; 150=0; 39=0; 54=1; 44=1.40; 32=0; 17=exec20220322184905; 38=29682; 60=2022-03-22-18:49:05; 6=0; 14=0; 37=algo20220322184905; 10=200;
8=FIX4.4; 35=8; 34=128; 49=MS; 56=MTHREE; 52=2022-03-22-18:49:06; 55=AHC; 40=2; 11=algo20220322184905; 31=1.40; 150=2; 39=2; 54=1; 44=1.40; 32=29682; 17=exec20220322184906; 38=29682; 60=2022-03-22-18:49:06; 6=1.40; 14=29682; 37=algo20220322184905; 10=246;
8=FIX4.4; 35=D; 34=95; 49=MTHREE; 56=MS; 52=2022-03-22-18:49:07; 55=AOS; 40=2; 38=4248; 21=2; 11=algo20220322184907; 60=2022-03-22-18:49:07; 54=2; 44=40.38; 10=0252;
8=FIX4.4; 35=8; 34=129; 49=MS; 56=MTHREE; 52=2022-03-22-18:49:07; 55=AOS; 40=2; 11=algo20220322184907; 31=40.38; 150=0; 39=0; 54=2; 44=40.38; 32=0; 17=exec20220322184907; 38=4248; 60=2022-03-22-18:49:07; 6=0; 14=0; 37=algo20220322184907; 10=200;
8=FIX4.4; 35=8; 34=130; 49=MS; 56=MTHREE; 52=2022-03-22-18:49:08; 55=AOS; 40=2; 11=algo20220322184907; 31=40.38; 150=2; 39=2; 54=2; 44=40.38; 32=4248; 17=exec20220322184908; 38=4248; 60=2022-03-22-18:49:08; 6=40.38; 14=4248; 37=algo20220322184907; 10=246;
8=FIX4.4; 35=D; 34=96; 49=MTHREE; 56=MS; 52=2022-03-22-18:49:08; 55=ATEN; 40=2; 38=21517; 21=2; 11=algo20220322184908; 60=2022-03-22-18:49:08; 54=1; 44=6.45; 10=0252;
8=FIX4.4; 35=8; 34=131; 49=MS; 56=MTHREE; 52=2022-03-22-18:49:08; 55=ATEN; 40=2; 11=algo20220322184908; 31=6.45; 150=0; 39=0; 54=1; 44=6.45; 32=0; 17=exec20220322184908; 38=21517; 60=2022-03-22-18:49:08; 6=0; 14=0; 37=algo20220322184908; 10=200;
8=FIX4.4; 35=8; 34=132; 49=MS; 56=MTHREE; 52=2022-03-22-18:49:08; 55=ATEN; 40=2; 11=algo20220322184908; 31=6.45; 150=1; 39=1; 54=1; 44=6.45; 32=10758; 17=exec20220322184908; 38=21517; 60=2022-03-22-18:49:08; 6=6.45; 14=10758; 37=algo20220322184908; 10=240;
8=FIX4.4; 35=8; 34=133; 49=MS; 56=MTHREE; 52=2022-03-22-18:49:10; 55=ATEN; 40=2; 11=algo20220322184908; 31=6.45; 150=2; 39=2; 54=1; 44=6.45; 32=10759; 17=exec20220322184910; 38=21517; 60=2022-03-22-18:49:10; 6=6.45; 14=21517; 37=algo20220322184908; 10=246;
8=FIX4.4; 35=D; 34=97; 49=MTHREE; 56=MS; 52=2022-03-22-18:49:10; 55=AIR; 40=2; 38=30061; 21=2; 11=algo20220322184910; 60=2022-03-22-18:49:10; 54=1; 44=16.31; 10=0252;
8=FIX4.4; 35=8; 34=134; 49=MS; 56=MTHREE; 52=2022-03-22-18:49:10; 55=AIR; 40=2; 11=algo20220322184910; 31=16.31; 150=0; 39=0; 54=1; 44=16.31; 32=0; 17=exec20220322184910; 38=30061; 60=2022-03-22-18:49:10; 6=0; 14=0; 37=algo20220322184910; 10=200;
8=FIX4.4; 35=8; 34=135; 49=MS; 56=MTHREE; 52=2022-03-22-18:49:10; 55=AIR; 40=2; 11=algo20220322184910; 31=16.31; 150=1; 39=1; 54=1; 44=16.31; 32=7515; 17=exec20220322184910; 38=30061; 60=2022-03-22-18:49:10; 6=16.31; 14=7515; 37=algo20220322184910; 10=240;
8=FIX4.4; 35=8; 34=136; 49=MS; 56=MTHREE; 52=2022-03-22-18:49:11; 55=AIR; 40=2; 11=algo20220322184910; 31=16.31; 150=1; 39=1; 54=1; 44=16.31; 32=7515; 17=exec20220322184911; 38=30061; 60=2022-03-22-18:49:11; 6=16.31; 14=15030; 37=algo20220322184910; 10=240;
8=FIX4.4; 35=8; 34=137; 49=MS; 56=MTHREE; 52=2022-03-22-18:49:12; 55=AIR; 40=2; 11=algo20220322184910; 31=16.31; 150=1; 39=1; 54=1; 44=16.31; 32=7515; 17=exec20220322184912; 38=30061; 60=2022-03-22-18:49:12; 6=16.31; 14=22545; 37=algo20220322184910; 10=240;
8=FIX4.4; 35=8; 34=138; 49=MS; 56=MTHREE; 52=2022-03-22-18:49:14; 55=AIR; 40=2; 11=algo20220322184910; 31=16.31; 150=2; 39=2; 54=1; 44=16.31; 32=7516; 17=exec20220322184914; 38=30061; 60=2022-03-22-18:49:14; 6=16.31; 14=30061; 37=algo20220322184910; 10=246;
8=FIX4.4; 35=D; 34=98; 49=MTHREE; 56=MS; 52=2022-03-22-18:49:14; 55=AAN; 40=2; 38=19110; 21=2; 11=algo20220322184914; 60=2022-03-22-18:49:14; 54=1; 44=25.68; 10=0252;
8=FIX4.4; 35=8; 34=139; 49=MS; 56=MTHREE; 52=2022-03-22-18:49:14; 55=AAN; 40=2; 11=algo20220322184914; 31=25.68; 150=0; 39=0; 54=1; 44=25.68; 32=0; 17=exec20220322184914; 38=19110; 60=2022-03-22-18:49:14; 6=0; 14=0; 37=algo20220322184914; 10=200;
8=FIX4.4; 35=F; 34=98; 49=MTHREE; 56=MS; 52=2022-03-22-18:49:14; 41=algo20220322184914; 55=AAN; 38=19110; 11=C_algo20220322184914; 60=2022-03-22-18:49:14; 10=060;
8=FIX4.4; 35=8; 34=139; 49=MS; 56=MTHREE; 52=2022-03-22-18:49:15; 55=AAN; 11=C_algo20220322184914; 31=0; 150=6; 39=6; 54=1; 44=25.68; 17=exec20220322184914; 32=0; 41=algo20220322184914; 38=19110; 60=2022-03-22-18:49:15; 6=0.0; 14=0; 37=algo20220322184914; 10=252;
8=FIX4.4; 35=8; 34=140; 49=MS; 56=MTHREE; 52=2022-03-22-18:49:15; 151=14333; 55=AAN; 11=C_algo20220322184914; 31=0; 150=4; 39=4; 54=1; 17=exec20220322184915; 32=0; 41=algo20220322184914; 38=19110; 60=2022-03-22-18:49:15; 6=0.0; 14=0; 37=algo20220322184914; 10=252;
8=FIX4.4; 35=D; 34=100; 49=MTHREE; 56=MS; 52=2022-03-22-18:49:17; 55=ABB; 40=2; 38=11995; 21=2; 11=algo20220322184917; 60=2022-03-22-18:49:17; 54=1; 44=17.42; 10=0252;
8=FIX4.4; 35=8; 34=142; 49=MS; 56=MTHREE; 52=2022-03-22-18:49:17; 55=ABB; 40=2; 11=algo20220322184917; 31=17.42; 150=0; 39=0; 54=1; 44=17.42; 32=0; 17=exec20220322184917; 38=11995; 60=2022-03-22-18:49:17; 6=0; 14=0; 37=algo20220322184917; 10=200;
8=FIX4.4; 35=F; 34=100; 49=MTHREE; 56=MS; 52=2022-03-22-18:49:17; 41=algo20220322184917; 55=ABB; 38=11995; 11=C_algo20220322184917; 60=2022-03-22-18:49:17; 10=060;
8=FIX4.4; 35=8; 34=142; 49=MS; 56=MTHREE; 52=2022-03-22-18:49:17; 55=ABB; 11=C_algo20220322184917; 31=0; 150=6; 39=6; 54=1; 44=17.42; 17=exec20220322184917; 32=0; 41=algo20220322184917; 38=11995; 60=2022-03-22-18:49:17; 6=0.0; 14=0; 37=algo20220322184917; 10=252;
8=FIX4.4; 35=8; 34=143; 49=MS; 56=MTHREE; 52=2022-03-22-18:49:17; 151=9596; 55=ABB; 11=C_algo20220322184917; 31=0; 150=4; 39=4; 54=1; 17=exec20220322184917; 32=0; 41=algo20220322184917; 38=11995; 60=2022-03-22-18:49:17; 6=0.0; 14=0; 37=algo20220322184917; 10=252;
8=FIX4.4; 35=D; 34=102; 49=MTHREE; 56=MS; 52=2022-03-22-18:49:19; 55=ABT; 40=2; 38=25648; 21=2; 11=algo20220322184919; 60=2022-03-22-18:49:19; 54=1; 44=94.04; 10=0252;
8=FIX4.4; 35=8; 34=145; 49=MS; 56=MTHREE; 52=2022-03-22-18:49:19; 55=ABT; 40=2; 11=algo20220322184919; 31=94.04; 150=0; 39=0; 54=1; 44=94.04; 32=0; 17=exec20220322184919; 38=25648; 60=2022-03-22-18:49:19; 6=0; 14=0; 37=algo20220322184919; 10=200;
8=FIX4.4; 35=8; 34=146; 49=MS; 56=MTHREE; 52=2022-03-22-18:49:19; 55=ABT; 40=2; 11=algo20220322184919; 31=94.04; 150=1; 39=1; 54=1; 44=94.04; 32=6412; 17=exec20220322184919; 38=25648; 60=2022-03-22-18:49:19; 6=94.04; 14=6412; 37=algo20220322184919; 10=240;
8=FIX4.4; 35=F; 34=102; 49=MTHREE; 56=MS; 52=2022-03-22-18:49:20; 41=algo20220322184919; 55=ABT; 38=25648; 11=C_algo20220322184919; 60=2022-03-22-18:49:20; 10=060;
8=FIX4.4; 35=8; 34=146; 49=MS; 56=MTHREE; 52=2022-03-22-18:49:20; 55=ABT; 11=C_algo20220322184919; 31=0; 150=6; 39=6; 54=1; 44=94.04; 17=exec20220322184920; 32=0; 41=algo20220322184919; 38=25648; 60=2022-03-22-18:49:20; 6=0.0; 14=6412; 37=algo20220322184919; 10=252;
8=FIX4.4; 35=8; 34=147; 49=MS; 56=MTHREE; 52=2022-03-22-18:49:20; 151=12824; 55=ABT; 11=C_algo20220322184919; 31=0; 150=4; 39=4; 54=1; 17=exec20220322184920; 32=0; 41=algo20220322184919; 38=25648; 60=2022-03-22-18:49:20; 6=0.0; 14=6412; 37=algo20220322184919; 10=252;
8=FIX4.4; 35=D; 34=104; 49=MTHREE; 56=MS; 52=2022-03-22-18:49:22; 55=ABBV; 40=2; 38=15428; 21=2; 11=algo20220322184922; 60=2022-03-22-18:49:22; 54=2; 44=83.60; 10=0252;
8=FIX4.4; 35=8; 34=149; 49=MS; 56=MTHREE; 52=2022-03-22-18:49:22; 55=ABBV; 40=2; 11=algo20220322184922; 31=83.60; 150=0; 39=0; 54=2; 44=83.60; 32=0; 17=exec20220322184922; 38=15428; 60=2022-03-22-18:49:22; 6=0; 14=0; 37=algo20220322184922; 10=200;
8=FIX4.4; 35=F; 34=104; 49=MTHREE; 56=MS; 52=2022-03-22-18:49:22; 41=algo20220322184922; 55=ABBV; 38=15428; 11=C_algo20220322184922; 60=2022-03-22-18:49:22; 10=060;
8=FIX4.4; 35=8; 34=149; 49=MS; 56=MTHREE; 52=2022-03-22-18:49:22; 55=ABBV; 11=C_algo20220322184922; 31=0; 150=6; 39=6; 54=2; 44=83.60; 17=exec20220322184922; 32=0; 41=algo20220322184922; 38=15428; 60=2022-03-22-18:49:22; 6=0.0; 14=0; 37=algo20220322184922; 10=252;
8=FIX4.4; 35=8; 34=150; 49=MS; 56=MTHREE; 52=2022-03-22-18:49:22; 151=7714; 55=ABBV; 11=C_algo20220322184922; 31=0; 150=4; 39=4; 54=2; 17=exec20220322184922; 32=0; 41=algo20220322184922; 38=15428; 60=2022-03-22-18:49:22; 6=0.0; 14=0; 37=algo20220322184922; 10=252;
8=FIX4.4; 35=D; 34=106; 49=MTHREE; 56=MS; 52=2022-03-22-18:49:24; 55=ANF; 40=2; 38=3096; 21=2; 11=algo20220322184924; 60=2022-03-22-18:49:24; 54=1; 44=9.10; 10=0252;
8=FIX4.4; 35=8; 34=152; 49=MS; 56=MTHREE; 52=2022-03-22-18:49:24; 55=ANF; 40=2; 11=algo20220322184924; 31=9.10; 150=0; 39=0; 54=1; 44=9.10; 32=0; 17=exec20220322184925; 38=3096; 60=2022-03-22-18:49:24; 6=0; 14=0; 37=algo20220322184924; 10=200;
8=FIX4.4; 35=8; 34=153; 49=MS; 56=MTHREE; 52=2022-03-22-18:49:25; 55=ANF; 40=2; 11=algo20220322184924; 31=9.10; 150=1; 39=1; 54=1; 44=9.10; 32=1548; 17=exec20220322184925; 38=3096; 60=2022-03-22-18:49:25; 6=9.10; 14=1548; 37=algo20220322184924; 10=240;
8=FIX4.4; 35=8; 34=154; 49=MS; 56=MTHREE; 52=2022-03-22-18:49:27; 55=ANF; 40=2; 11=algo20220322184924; 31=9.10; 150=2; 39=2; 54=1; 44=9.10; 32=1548; 17=exec20220322184927; 38=3096; 60=2022-03-22-18:49:27; 6=9.10; 14=3096; 37=algo20220322184924; 10=246;
8=FIX4.4; 35=D; 34=107; 49=MTHREE; 56=MS; 52=2022-03-22-18:49:27; 55=ABM; 40=2; 38=2683; 21=2; 11=algo20220322184927; 60=2022-03-22-18:49:27; 54=2; 44=31.64; 10=0252;
8=FIX4.4; 35=8; 34=155; 49=MS; 56=MTHREE; 52=2022-03-22-18:49:27; 55=ABM; 40=2; 11=algo20220322184927; 31=31.64; 150=0; 39=0; 54=2; 44=31.64; 32=0; 17=exec20220322184927; 38=2683; 60=2022-03-22-18:49:27; 6=0; 14=0; 37=algo20220322184927; 10=200;
8=FIX4.4; 35=F; 34=107; 49=MTHREE; 56=MS; 52=2022-03-22-18:49:27; 41=algo20220322184927; 55=ABM; 38=2683; 11=C_algo20220322184927; 60=2022-03-22-18:49:27; 10=060;
8=FIX4.4; 35=8; 34=155; 49=MS; 56=MTHREE; 52=2022-03-22-18:49:27; 55=ABM; 11=C_algo20220322184927; 31=0; 150=6; 39=6; 54=2; 44=31.64; 17=exec20220322184927; 32=0; 41=algo20220322184927; 38=2683; 60=2022-03-22-18:49:27; 6=0.0; 14=0; 37=algo20220322184927; 10=252;
8=FIX4.4; 35=8; 34=156; 49=MS; 56=MTHREE; 52=2022-03-22-18:49:27; 151=1342; 55=ABM; 11=C_algo20220322184927; 31=0; 150=4; 39=4; 54=2; 17=exec20220322184927; 32=0; 41=algo20220322184927; 38=2683; 60=2022-03-22-18:49:27; 6=0.0; 14=0; 37=algo20220322184927; 10=252;
8=FIX4.4; 35=D; 34=109; 49=MTHREE; 56=MS; 52=2022-03-22-18:49:29; 55=AAPL; 40=2; 38=15980; 21=2; 11=algo20220322184929; 60=2022-03-22-18:49:29; 54=2; 44=284.65; 10=0252;
8=FIX4.4; 35=8; 34=158; 49=MS; 56=MTHREE; 52=2022-03-22-18:49:29; 55=AAPL; 40=2; 11=algo20220322184929; 31=284.65; 150=0; 39=0; 54=2; 44=284.65; 32=0; 17=exec20220322184929; 38=15980; 60=2022-03-22-18:49:29; 6=0; 14=0; 37=algo20220322184929; 10=200;
8=FIX4.4; 35=8; 34=159; 49=MS; 56=MTHREE; 52=2022-03-22-18:49:30; 55=AAPL; 40=2; 11=algo20220322184929; 31=284.65; 150=2; 39=2; 54=2; 44=284.65; 32=15980; 17=exec20220322184930; 38=15980; 60=2022-03-22-18:49:30; 6=284.65; 14=15980; 37=algo20220322184929; 10=246;
8=FIX4.4; 35=D; 34=110; 49=MTHREE; 56=MS; 52=2022-03-22-18:49:30; 55=PEP; 40=2; 38=17639; 21=2; 11=algo20220322184930; 60=2022-03-22-18:49:30; 54=1; 44=45.43; 10=0252;
8=FIX4.4; 35=8; 34=160; 49=MS; 56=MTHREE; 52=2022-03-22-18:49:30; 55=PEP; 40=2; 11=algo20220322184930; 31=45.43; 150=0; 39=0; 54=1; 44=45.43; 32=0; 17=exec20220322184930; 38=17639; 60=2022-03-22-18:49:30; 6=0; 14=0; 37=algo20220322184930; 10=200;
8=FIX4.4; 35=F; 34=110; 49=MTHREE; 56=MS; 52=2022-03-22-18:49:30; 41=algo20220322184930; 55=PEP; 38=17639; 11=C_algo20220322184930; 60=2022-03-22-18:49:30; 10=060;
8=FIX4.4; 35=8; 34=160; 49=MS; 56=MTHREE; 52=2022-03-22-18:49:30; 55=PEP; 11=C_algo20220322184930; 31=0; 150=6; 39=6; 54=1; 44=45.43; 17=exec20220322184930; 32=0; 41=algo20220322184930; 38=17639; 60=2022-03-22-18:49:30; 6=0.0; 14=0; 37=algo20220322184930; 10=252;
8=FIX4.4; 35=8; 34=161; 49=MS; 56=MTHREE; 52=2022-03-22-18:49:30; 151=11760; 55=PEP; 11=C_algo20220322184930; 31=0; 150=4; 39=4; 54=1; 17=exec20220322184930; 32=0; 41=algo20220322184930; 38=17639; 60=2022-03-22-18:49:30; 6=0.0; 14=0; 37=algo20220322184930; 10=252;
8=FIX4.4; 35=D; 34=112; 49=MTHREE; 56=MS; 52=2022-03-22-18:49:32; 55=; 40=2; 38=12004; 21=2; 11=algo20220322184932; 60=2022-03-22-18:49:32; 54=1; 44=; 10=0252;
8=FIX4.4; 35=8; 34=163; 49=MS; 56=MTHREE; 52=2022-03-22-18:49:32; 55=; 40=2; 11=algo20220322184932; 31=; 150=0; 39=0; 54=1; 44=; 32=0; 17=exec20220322184932; 38=12004; 60=2022-03-22-18:49:32; 6=0; 14=0; 37=algo20220322184932; 10=200;
8=FIX4.4; 35=F; 34=112; 49=MTHREE; 56=MS; 52=2022-03-22-18:49:32; 41=algo20220322184932; 55=; 38=12004; 11=C_algo20220322184932; 60=2022-03-22-18:49:32; 10=060;
8=FIX4.4; 35=8; 34=163; 49=MS; 56=MTHREE; 52=2022-03-22-18:49:33; 55=; 11=C_algo20220322184932; 31=0; 150=6; 39=6; 54=1; 44=; 17=exec20220322184932; 32=0; 41=algo20220322184932; 38=12004; 60=2022-03-22-18:49:33; 6=0.0; 14=0; 37=algo20220322184932; 10=252;
8=FIX4.4; 35=8; 34=164; 49=MS; 56=MTHREE; 52=2022-03-22-18:49:33; 151=8003; 55=; 11=C_algo20220322184932; 31=0; 150=4; 39=4; 54=1; 17=exec20220322184933; 32=0; 41=algo20220322184932; 38=12004; 60=2022-03-22-18:49:33; 6=0.0; 14=0; 37=algo20220322184932; 10=252;
